2023-09-18 13:40:57,174 ERROR frappe New Exception collected with id: 2023-09-18 13:40:57.143369-127.0.0.1-ea6
Site: programming.in
Form Dict: {'doc': '{"docstatus":0,"doctype":"DocType","name":"new-doctype-1","__islocal":1,"__unsaved":1,"owner":"Administrator","is_submittable":1,"istable":0,"issingle":0,"is_tree":0,"is_calendar_and_gantt":0,"editable_grid":1,"quick_entry":1,"track_changes":1,"track_seen":0,"track_views":0,"custom":0,"beta":0,"is_virtual":0,"naming_rule":"","name_case":"","allow_rename":1,"hide_toolbar":0,"allow_copy":0,"allow_import":0,"allow_events_in_timeline":0,"allow_auto_repeat":0,"make_attachments_public":0,"show_title_field_in_link":0,"translated_doctype":0,"sort_field":"modified","sort_order":"DESC","force_re_route_to_default_view":0,"document_type":"","show_preview_popup":0,"show_name_in_global_search":0,"email_append_to":0,"read_only":0,"in_create":0,"has_web_view":0,"allow_guest_to_view":0,"index_web_pages_for_search":1,"engine":"InnoDB","permissions":[{"docstatus":0,"doctype":"DocPerm","name":"new-docperm-1","__islocal":1,"__unsaved":1,"owner":"Administrator","if_owner":0,"permlevel":0,"select":0,"read":1,"write":1,"create":1,"delete":1,"submit":0,"cancel":0,"amend":0,"report":1,"export":1,"import":0,"set_user_permissions":0,"share":1,"print":1,"email":1,"parent":"new-doctype-1","parentfield":"permissions","parenttype":"DocType","idx":1,"role":"System Manager"}],"default_view":"List","__newname":"Client Side Scripting","module":"Programming App","fields":[{"docstatus":0,"doctype":"DocField","name":"new-docfield-1","__islocal":1,"__unsaved":1,"owner":"Administrator","fieldtype":"Check","precision":"","non_negative":0,"hide_days":0,"hide_seconds":0,"reqd":0,"is_virtual":0,"search_index":0,"sort_options":0,"show_dashboard":0,"fetch_if_empty":0,"hidden":0,"bold":0,"allow_in_quick_entry":0,"translatable":0,"print_hide":0,"print_hide_if_no_value":0,"report_hide":0,"collapsible":0,"hide_border":0,"in_list_view":0,"in_standard_filter":0,"in_preview":0,"in_filter":0,"in_global_search":0,"read_only":0,"allow_on_submit":0,"ignore_user_permissions":0,"allow_bulk_edit":0,"permlevel":0,"ignore_xss_filter":0,"unique":0,"no_copy":0,"set_only_once":0,"remember_last_selected_value":0,"parent":"new-doctype-1","parentfield":"fields","parenttype":"DocType","idx":1,"__unedited":false,"label":"Enable"},{"docstatus":0,"doctype":"DocField","name":"new-docfield-2","__islocal":1,"__unsaved":1,"owner":"Administrator","fieldtype":"Data","precision":"","non_negative":0,"hide_days":0,"hide_seconds":0,"reqd":0,"is_virtual":0,"search_index":0,"sort_options":0,"show_dashboard":0,"fetch_if_empty":0,"hidden":0,"bold":0,"allow_in_quick_entry":0,"translatable":0,"print_hide":0,"print_hide_if_no_value":0,"report_hide":0,"collapsible":0,"hide_border":0,"in_list_view":0,"in_standard_filter":0,"in_preview":0,"in_filter":0,"in_global_search":0,"read_only":0,"allow_on_submit":0,"ignore_user_permissions":0,"allow_bulk_edit":0,"permlevel":0,"ignore_xss_filter":0,"unique":0,"no_copy":0,"set_only_once":0,"remember_last_selected_value":0,"parent":"new-doctype-1","parentfield":"fields","parenttype":"DocType","idx":2,"__unedited":false,"label":"First Name"},{"docstatus":0,"doctype":"DocField","name":"new-docfield-3","__islocal":1,"__unsaved":1,"owner":"Administrator","fieldtype":"Data","precision":"","non_negative":0,"hide_days":0,"hide_seconds":0,"reqd":0,"is_virtual":0,"search_index":0,"sort_options":0,"show_dashboard":0,"fetch_if_empty":0,"hidden":0,"bold":0,"allow_in_quick_entry":0,"translatable":0,"print_hide":0,"print_hide_if_no_value":0,"report_hide":0,"collapsible":0,"hide_border":0,"in_list_view":0,"in_standard_filter":0,"in_preview":0,"in_filter":0,"in_global_search":0,"read_only":0,"allow_on_submit":0,"ignore_user_permissions":0,"allow_bulk_edit":0,"permlevel":0,"ignore_xss_filter":0,"unique":0,"no_copy":0,"set_only_once":0,"remember_last_selected_value":0,"parent":"new-doctype-1","parentfield":"fields","parenttype":"DocType","idx":3,"__unedited":false,"label":"Middle Name"},{"docstatus":0,"doctype":"DocField","name":"new-docfield-4","__islocal":1,"__unsaved":1,"owner":"Administrator","fieldtype":"Data","precision":"","non_negative":0,"hide_days":0,"hide_seconds":0,"reqd":0,"is_virtual":0,"search_index":0,"sort_options":0,"show_dashboard":0,"fetch_if_empty":0,"hidden":0,"bold":0,"allow_in_quick_entry":0,"translatable":0,"print_hide":0,"print_hide_if_no_value":0,"report_hide":0,"collapsible":0,"hide_border":0,"in_list_view":0,"in_standard_filter":0,"in_preview":0,"in_filter":0,"in_global_search":0,"read_only":0,"allow_on_submit":0,"ignore_user_permissions":0,"allow_bulk_edit":0,"permlevel":0,"ignore_xss_filter":0,"unique":0,"no_copy":0,"set_only_once":0,"remember_last_selected_value":0,"parent":"new-doctype-1","parentfield":"fields","parenttype":"DocType","idx":4,"__unedited":false,"label":"Last Name"},{"docstatus":0,"doctype":"DocField","name":"new-docfield-5","__islocal":1,"__unsaved":1,"owner":"Administrator","fieldtype":"Read Only","precision":"","non_negative":0,"hide_days":0,"hide_seconds":0,"reqd":0,"is_virtual":0,"search_index":0,"sort_options":0,"show_dashboard":0,"fetch_if_empty":0,"hidden":0,"bold":0,"allow_in_quick_entry":0,"translatable":0,"print_hide":0,"print_hide_if_no_value":0,"report_hide":0,"collapsible":0,"hide_border":0,"in_list_view":0,"in_standard_filter":0,"in_preview":0,"in_filter":0,"in_global_search":0,"read_only":0,"allow_on_submit":0,"ignore_user_permissions":0,"allow_bulk_edit":0,"permlevel":0,"ignore_xss_filter":0,"unique":0,"no_copy":0,"set_only_once":0,"remember_last_selected_value":0,"parent":"new-doctype-1","parentfield":"fields","parenttype":"DocType","idx":5,"__unedited":false,"label":"Full Name"},{"docstatus":0,"doctype":"DocField","name":"new-docfield-6","__islocal":1,"__unsaved":1,"owner":"Administrator","fieldtype":"Column Break","precision":"","non_negative":0,"hide_days":0,"hide_seconds":0,"reqd":0,"is_virtual":0,"search_index":0,"sort_options":0,"show_dashboard":0,"fetch_if_empty":0,"hidden":0,"bold":0,"allow_in_quick_entry":0,"translatable":0,"print_hide":0,"print_hide_if_no_value":0,"report_hide":0,"collapsible":0,"hide_border":0,"in_list_view":0,"in_standard_filter":0,"in_preview":0,"in_filter":0,"in_global_search":0,"read_only":0,"allow_on_submit":0,"ignore_user_permissions":0,"allow_bulk_edit":0,"permlevel":0,"ignore_xss_filter":0,"unique":0,"no_copy":0,"set_only_once":0,"remember_last_selected_value":0,"parent":"new-doctype-1","parentfield":"fields","parenttype":"DocType","idx":6,"__unedited":false},{"docstatus":0,"doctype":"DocField","name":"new-docfield-7","__islocal":1,"__unsaved":1,"owner":"Administrator","fieldtype":"Data","precision":"","non_negative":0,"hide_days":0,"hide_seconds":0,"reqd":0,"is_virtual":0,"search_index":0,"sort_options":0,"show_dashboard":0,"fetch_if_empty":0,"hidden":0,"bold":0,"allow_in_quick_entry":0,"translatable":0,"print_hide":0,"print_hide_if_no_value":0,"report_hide":0,"collapsible":0,"hide_border":0,"in_list_view":0,"in_standard_filter":0,"in_preview":0,"in_filter":0,"in_global_search":0,"read_only":0,"allow_on_submit":0,"ignore_user_permissions":0,"allow_bulk_edit":0,"permlevel":0,"ignore_xss_filter":0,"unique":0,"no_copy":0,"set_only_once":0,"remember_last_selected_value":0,"parent":"new-doctype-1","parentfield":"fields","parenttype":"DocType","idx":7,"__unedited":false,"label":"Email"},{"docstatus":0,"doctype":"DocField","name":"new-docfield-8","__islocal":1,"__unsaved":1,"owner":"Administrator","fieldtype":"Data","precision":"","non_negative":0,"hide_days":0,"hide_seconds":0,"reqd":0,"is_virtual":0,"search_index":0,"sort_options":0,"show_dashboard":0,"fetch_if_empty":0,"hidden":0,"bold":0,"allow_in_quick_entry":0,"translatable":0,"print_hide":0,"print_hide_if_no_value":0,"report_hide":0,"collapsible":0,"hide_border":0,"in_list_view":0,"in_standard_filter":0,"in_preview":0,"in_filter":0,"in_global_search":0,"read_only":0,"allow_on_submit":0,"ignore_user_permissions":0,"allow_bulk_edit":0,"permlevel":0,"ignore_xss_filter":0,"unique":0,"no_copy":0,"set_only_once":0,"remember_last_selected_value":0,"parent":"new-doctype-1","parentfield":"fields","parenttype":"DocType","idx":8,"__unedited":false,"label":"Mob No"},{"docstatus":0,"doctype":"DocField","name":"new-docfield-9","__islocal":1,"__unsaved":1,"owner":"Administrator","fieldtype":"Data","precision":"","non_negative":0,"hide_days":0,"hide_seconds":0,"reqd":0,"is_virtual":0,"search_index":0,"sort_options":0,"show_dashboard":0,"fetch_if_empty":0,"hidden":0,"bold":0,"allow_in_quick_entry":0,"translatable":0,"print_hide":0,"print_hide_if_no_value":0,"report_hide":0,"collapsible":0,"hide_border":0,"in_list_view":0,"in_standard_filter":0,"in_preview":0,"in_filter":0,"in_global_search":0,"read_only":0,"allow_on_submit":0,"ignore_user_permissions":0,"allow_bulk_edit":0,"permlevel":0,"ignore_xss_filter":0,"unique":0,"no_copy":0,"set_only_once":0,"remember_last_selected_value":0,"parent":"new-doctype-1","parentfield":"fields","parenttype":"DocType","idx":9,"__unedited":false,"label":"DOB"},{"docstatus":0,"doctype":"DocField","name":"new-docfield-10","__islocal":1,"__unsaved":1,"owner":"Administrator","fieldtype":"Int","precision":"","non_negative":0,"hide_days":0,"hide_seconds":0,"reqd":0,"is_virtual":0,"search_index":0,"sort_options":0,"show_dashboard":0,"fetch_if_empty":0,"hidden":0,"bold":0,"allow_in_quick_entry":0,"translatable":0,"print_hide":0,"print_hide_if_no_value":0,"report_hide":0,"collapsible":0,"hide_border":0,"in_list_view":0,"in_standard_filter":0,"in_preview":0,"in_filter":0,"in_global_search":0,"read_only":0,"allow_on_submit":0,"ignore_user_permissions":0,"allow_bulk_edit":0,"permlevel":0,"ignore_xss_filter":0,"unique":0,"no_copy":0,"set_only_once":0,"remember_last_selected_value":0,"parent":"new-doctype-1","parentfield":"fields","parenttype":"DocType","idx":10,"__unedited":false,"label":"Age"},{"docstatus":0,"doctype":"DocField","name":"new-docfield-11","__islocal":1,"__unsaved":1,"owner":"Administrator","fieldtype":"Data","precision":"","non_negative":0,"hide_days":0,"hide_seconds":0,"reqd":0,"is_virtual":0,"search_index":0,"sort_options":0,"show_dashboard":0,"fetch_if_empty":0,"hidden":0,"bold":0,"allow_in_quick_entry":0,"translatable":0,"print_hide":0,"print_hide_if_no_value":0,"report_hide":0,"collapsible":0,"hide_border":0,"in_list_view":0,"in_standard_filter":0,"in_preview":0,"in_filter":0,"in_global_search":0,"read_only":0,"allow_on_submit":0,"ignore_user_permissions":0,"allow_bulk_edit":0,"permlevel":0,"ignore_xss_filter":0,"unique":0,"no_copy":0,"set_only_once":0,"remember_last_selected_value":0,"parent":"new-doctype-1","parentfield":"fields","parenttype":"DocType","idx":11,"__unedited":false,"label":"Family Members"}]}', 'action': 'Save', 'cmd': 'frappe.desk.form.save.savedocs'}
2023-09-18 13:43:54,516 ERROR frappe New Exception collected with id: 2023-09-18 13:43:54.513031-127.0.0.1-969
Site: programming.in
Form Dict: {'doc': '{"docstatus":0,"doctype":"DocType","name":"new-doctype-1","__islocal":1,"__unsaved":1,"owner":"Administrator","is_submittable":1,"istable":0,"issingle":0,"is_tree":0,"is_calendar_and_gantt":0,"editable_grid":1,"quick_entry":1,"track_changes":1,"track_seen":0,"track_views":0,"custom":0,"beta":0,"is_virtual":0,"naming_rule":"","name_case":"","allow_rename":1,"hide_toolbar":0,"allow_copy":0,"allow_import":0,"allow_events_in_timeline":0,"allow_auto_repeat":0,"make_attachments_public":0,"show_title_field_in_link":0,"translated_doctype":0,"sort_field":"modified","sort_order":"DESC","force_re_route_to_default_view":0,"document_type":"","show_preview_popup":0,"show_name_in_global_search":0,"email_append_to":0,"read_only":0,"in_create":0,"has_web_view":0,"allow_guest_to_view":0,"index_web_pages_for_search":1,"engine":"InnoDB","permissions":[{"docstatus":0,"doctype":"DocPerm","name":"new-docperm-1","__islocal":1,"__unsaved":1,"owner":"Administrator","if_owner":0,"permlevel":0,"select":0,"read":1,"write":1,"create":1,"delete":1,"submit":0,"cancel":0,"amend":0,"report":1,"export":1,"import":0,"set_user_permissions":0,"share":1,"print":1,"email":1,"parent":"new-doctype-1","parentfield":"permissions","parenttype":"DocType","idx":1,"role":"System Manager"}],"default_view":"List","fields":[{"docstatus":0,"doctype":"DocField","name":"new-docfield-1","__islocal":1,"__unsaved":1,"owner":"Administrator","fieldtype":"Check","precision":"","non_negative":0,"hide_days":0,"hide_seconds":0,"reqd":0,"is_virtual":0,"search_index":0,"sort_options":0,"show_dashboard":0,"fetch_if_empty":0,"hidden":0,"bold":0,"allow_in_quick_entry":0,"translatable":0,"print_hide":0,"print_hide_if_no_value":0,"report_hide":0,"collapsible":0,"hide_border":0,"in_list_view":0,"in_standard_filter":0,"in_preview":0,"in_filter":0,"in_global_search":0,"read_only":0,"allow_on_submit":0,"ignore_user_permissions":0,"allow_bulk_edit":0,"permlevel":0,"ignore_xss_filter":0,"unique":0,"no_copy":0,"set_only_once":0,"remember_last_selected_value":0,"parent":"new-doctype-1","parentfield":"fields","parenttype":"DocType","idx":1,"__unedited":false,"label":"Enable"},{"docstatus":0,"doctype":"DocField","name":"new-docfield-2","__islocal":1,"__unsaved":1,"owner":"Administrator","fieldtype":"Data","precision":"","non_negative":0,"hide_days":0,"hide_seconds":0,"reqd":0,"is_virtual":0,"search_index":0,"sort_options":0,"show_dashboard":0,"fetch_if_empty":0,"hidden":0,"bold":0,"allow_in_quick_entry":0,"translatable":0,"print_hide":0,"print_hide_if_no_value":0,"report_hide":0,"collapsible":0,"hide_border":0,"in_list_view":0,"in_standard_filter":0,"in_preview":0,"in_filter":0,"in_global_search":0,"read_only":0,"allow_on_submit":0,"ignore_user_permissions":0,"allow_bulk_edit":0,"permlevel":0,"ignore_xss_filter":0,"unique":0,"no_copy":0,"set_only_once":0,"remember_last_selected_value":0,"parent":"new-doctype-1","parentfield":"fields","parenttype":"DocType","idx":2,"__unedited":false,"label":"First Name"},{"docstatus":0,"doctype":"DocField","name":"new-docfield-3","__islocal":1,"__unsaved":1,"owner":"Administrator","fieldtype":"Data","precision":"","non_negative":0,"hide_days":0,"hide_seconds":0,"reqd":0,"is_virtual":0,"search_index":0,"sort_options":0,"show_dashboard":0,"fetch_if_empty":0,"hidden":0,"bold":0,"allow_in_quick_entry":0,"translatable":0,"print_hide":0,"print_hide_if_no_value":0,"report_hide":0,"collapsible":0,"hide_border":0,"in_list_view":0,"in_standard_filter":0,"in_preview":0,"in_filter":0,"in_global_search":0,"read_only":0,"allow_on_submit":0,"ignore_user_permissions":0,"allow_bulk_edit":0,"permlevel":0,"ignore_xss_filter":0,"unique":0,"no_copy":0,"set_only_once":0,"remember_last_selected_value":0,"parent":"new-doctype-1","parentfield":"fields","parenttype":"DocType","idx":3,"__unedited":false,"label":"Middle Name"},{"docstatus":0,"doctype":"DocField","name":"new-docfield-4","__islocal":1,"__unsaved":1,"owner":"Administrator","fieldtype":"Data","precision":"","non_negative":0,"hide_days":0,"hide_seconds":0,"reqd":0,"is_virtual":0,"search_index":0,"sort_options":0,"show_dashboard":0,"fetch_if_empty":0,"hidden":0,"bold":0,"allow_in_quick_entry":0,"translatable":0,"print_hide":0,"print_hide_if_no_value":0,"report_hide":0,"collapsible":0,"hide_border":0,"in_list_view":0,"in_standard_filter":0,"in_preview":0,"in_filter":0,"in_global_search":0,"read_only":0,"allow_on_submit":0,"ignore_user_permissions":0,"allow_bulk_edit":0,"permlevel":0,"ignore_xss_filter":0,"unique":0,"no_copy":0,"set_only_once":0,"remember_last_selected_value":0,"parent":"new-doctype-1","parentfield":"fields","parenttype":"DocType","idx":4,"__unedited":false,"label":"Last Name"},{"docstatus":0,"doctype":"DocField","name":"new-docfield-5","__islocal":1,"__unsaved":1,"owner":"Administrator","fieldtype":"Read Only","precision":"","non_negative":0,"hide_days":0,"hide_seconds":0,"reqd":0,"is_virtual":0,"search_index":0,"sort_options":0,"show_dashboard":0,"fetch_if_empty":0,"hidden":0,"bold":0,"allow_in_quick_entry":0,"translatable":0,"print_hide":0,"print_hide_if_no_value":0,"report_hide":0,"collapsible":0,"hide_border":0,"in_list_view":0,"in_standard_filter":0,"in_preview":0,"in_filter":0,"in_global_search":0,"read_only":0,"allow_on_submit":0,"ignore_user_permissions":0,"allow_bulk_edit":0,"permlevel":0,"ignore_xss_filter":0,"unique":0,"no_copy":0,"set_only_once":0,"remember_last_selected_value":0,"parent":"new-doctype-1","parentfield":"fields","parenttype":"DocType","idx":5,"__unedited":false,"label":"Full Name"},{"docstatus":0,"doctype":"DocField","name":"new-docfield-6","__islocal":1,"__unsaved":1,"owner":"Administrator","fieldtype":"Column Break","precision":"","non_negative":0,"hide_days":0,"hide_seconds":0,"reqd":0,"is_virtual":0,"search_index":0,"sort_options":0,"show_dashboard":0,"fetch_if_empty":0,"hidden":0,"bold":0,"allow_in_quick_entry":0,"translatable":0,"print_hide":0,"print_hide_if_no_value":0,"report_hide":0,"collapsible":0,"hide_border":0,"in_list_view":0,"in_standard_filter":0,"in_preview":0,"in_filter":0,"in_global_search":0,"read_only":0,"allow_on_submit":0,"ignore_user_permissions":0,"allow_bulk_edit":0,"permlevel":0,"ignore_xss_filter":0,"unique":0,"no_copy":0,"set_only_once":0,"remember_last_selected_value":0,"parent":"new-doctype-1","parentfield":"fields","parenttype":"DocType","idx":6,"__unedited":false},{"docstatus":0,"doctype":"DocField","name":"new-docfield-7","__islocal":1,"__unsaved":1,"owner":"Administrator","fieldtype":"Data","precision":"","non_negative":0,"hide_days":0,"hide_seconds":0,"reqd":0,"is_virtual":0,"search_index":0,"sort_options":0,"show_dashboard":0,"fetch_if_empty":0,"hidden":0,"bold":0,"allow_in_quick_entry":0,"translatable":0,"print_hide":0,"print_hide_if_no_value":0,"report_hide":0,"collapsible":0,"hide_border":0,"in_list_view":0,"in_standard_filter":0,"in_preview":0,"in_filter":0,"in_global_search":0,"read_only":0,"allow_on_submit":0,"ignore_user_permissions":0,"allow_bulk_edit":0,"permlevel":0,"ignore_xss_filter":0,"unique":0,"no_copy":0,"set_only_once":0,"remember_last_selected_value":0,"parent":"new-doctype-1","parentfield":"fields","parenttype":"DocType","idx":7,"__unedited":false,"label":"Email"},{"docstatus":0,"doctype":"DocField","name":"new-docfield-8","__islocal":1,"__unsaved":1,"owner":"Administrator","fieldtype":"Data","precision":"","non_negative":0,"hide_days":0,"hide_seconds":0,"reqd":0,"is_virtual":0,"search_index":0,"sort_options":0,"show_dashboard":0,"fetch_if_empty":0,"hidden":0,"bold":0,"allow_in_quick_entry":0,"translatable":0,"print_hide":0,"print_hide_if_no_value":0,"report_hide":0,"collapsible":0,"hide_border":0,"in_list_view":0,"in_standard_filter":0,"in_preview":0,"in_filter":0,"in_global_search":0,"read_only":0,"allow_on_submit":0,"ignore_user_permissions":0,"allow_bulk_edit":0,"permlevel":0,"ignore_xss_filter":0,"unique":0,"no_copy":0,"set_only_once":0,"remember_last_selected_value":0,"parent":"new-doctype-1","parentfield":"fields","parenttype":"DocType","idx":8,"__unedited":false,"label":"Mob No"},{"docstatus":0,"doctype":"DocField","name":"new-docfield-9","__islocal":1,"__unsaved":1,"owner":"Administrator","fieldtype":"Data","precision":"","non_negative":0,"hide_days":0,"hide_seconds":0,"reqd":0,"is_virtual":0,"search_index":0,"sort_options":0,"show_dashboard":0,"fetch_if_empty":0,"hidden":0,"bold":0,"allow_in_quick_entry":0,"translatable":0,"print_hide":0,"print_hide_if_no_value":0,"report_hide":0,"collapsible":0,"hide_border":0,"in_list_view":0,"in_standard_filter":0,"in_preview":0,"in_filter":0,"in_global_search":0,"read_only":0,"allow_on_submit":0,"ignore_user_permissions":0,"allow_bulk_edit":0,"permlevel":0,"ignore_xss_filter":0,"unique":0,"no_copy":0,"set_only_once":0,"remember_last_selected_value":0,"parent":"new-doctype-1","parentfield":"fields","parenttype":"DocType","idx":9,"__unedited":false,"label":"DOB"},{"docstatus":0,"doctype":"DocField","name":"new-docfield-10","__islocal":1,"__unsaved":1,"owner":"Administrator","fieldtype":"Int","precision":"","non_negative":0,"hide_days":0,"hide_seconds":0,"reqd":0,"is_virtual":0,"search_index":0,"sort_options":0,"show_dashboard":0,"fetch_if_empty":0,"hidden":0,"bold":0,"allow_in_quick_entry":0,"translatable":0,"print_hide":0,"print_hide_if_no_value":0,"report_hide":0,"collapsible":0,"hide_border":0,"in_list_view":0,"in_standard_filter":0,"in_preview":0,"in_filter":0,"in_global_search":0,"read_only":0,"allow_on_submit":0,"ignore_user_permissions":0,"allow_bulk_edit":0,"permlevel":0,"ignore_xss_filter":0,"unique":0,"no_copy":0,"set_only_once":0,"remember_last_selected_value":0,"parent":"new-doctype-1","parentfield":"fields","parenttype":"DocType","idx":10,"__unedited":false,"label":"Age"},{"docstatus":0,"doctype":"DocField","name":"new-docfield-11","__islocal":1,"__unsaved":1,"owner":"Administrator","fieldtype":"Section Break","precision":"","non_negative":0,"hide_days":0,"hide_seconds":0,"reqd":0,"is_virtual":0,"search_index":0,"sort_options":0,"show_dashboard":0,"fetch_if_empty":0,"hidden":0,"bold":0,"allow_in_quick_entry":0,"translatable":0,"print_hide":0,"print_hide_if_no_value":0,"report_hide":0,"collapsible":0,"hide_border":0,"in_list_view":0,"in_standard_filter":0,"in_preview":0,"in_filter":0,"in_global_search":0,"read_only":0,"allow_on_submit":0,"ignore_user_permissions":0,"allow_bulk_edit":0,"permlevel":0,"ignore_xss_filter":0,"unique":0,"no_copy":0,"set_only_once":0,"remember_last_selected_value":0,"parent":"new-doctype-1","parentfield":"fields","parenttype":"DocType","idx":11,"__unedited":false},{"docstatus":0,"doctype":"DocField","name":"new-docfield-12","__islocal":1,"__unsaved":1,"owner":"Administrator","fieldtype":"Data","precision":"","non_negative":0,"hide_days":0,"hide_seconds":0,"reqd":0,"is_virtual":0,"search_index":0,"sort_options":0,"show_dashboard":0,"fetch_if_empty":0,"hidden":0,"bold":0,"allow_in_quick_entry":0,"translatable":0,"print_hide":0,"print_hide_if_no_value":0,"report_hide":0,"collapsible":0,"hide_border":0,"in_list_view":0,"in_standard_filter":0,"in_preview":0,"in_filter":0,"in_global_search":0,"read_only":0,"allow_on_submit":0,"ignore_user_permissions":0,"allow_bulk_edit":0,"permlevel":0,"ignore_xss_filter":0,"unique":0,"no_copy":0,"set_only_once":0,"remember_last_selected_value":0,"parent":"new-doctype-1","parentfield":"fields","parenttype":"DocType","idx":12,"__unedited":false,"label":"Family Members"}],"__newname":"Client Side Scripting","module":"Programming App"}', 'action': 'Save', 'cmd': 'frappe.desk.form.save.savedocs'}
2023-09-18 13:52:22,395 ERROR frappe New Exception collected with id: 2023-09-18 13:52:22.392565-127.0.0.1-e0c
Site: programming.in
Form Dict: {'doc': '{"name":"Client Side Scripting","creation":"2023-09-18 13:43:54.474416","modified":"2023-09-18 13:43:54.474416","modified_by":"Administrator","owner":"Administrator","docstatus":0,"idx":0,"issingle":0,"is_tree":0,"istable":0,"editable_grid":1,"track_changes":1,"module":"Programming App","naming_rule":"","name_case":"","sort_field":"modified","sort_order":"DESC","read_only":0,"in_create":0,"allow_copy":0,"allow_rename":1,"allow_import":0,"hide_toolbar":0,"track_seen":0,"max_attachments":0,"document_type":"","engine":"InnoDB","is_submittable":1,"show_name_in_global_search":0,"custom":0,"beta":0,"has_web_view":0,"allow_guest_to_view":0,"email_append_to":0,"show_title_field_in_link":0,"translated_doctype":0,"is_calendar_and_gantt":0,"quick_entry":1,"track_views":0,"is_virtual":0,"allow_events_in_timeline":0,"allow_auto_repeat":0,"make_attachments_public":0,"default_view":"List","force_re_route_to_default_view":0,"show_preview_popup":0,"index_web_pages_for_search":1,"doctype":"DocType","fields":[{"name":"a1343ef9a6","creation":"2023-09-18 13:43:54.474416","modified":"2023-09-18 13:43:54.474416","modified_by":"Administrator","owner":"Administrator","docstatus":0,"parent":"Client Side Scripting","parentfield":"fields","parenttype":"DocType","idx":1,"fieldname":"enable","label":"Enable","fieldtype":"Check","search_index":0,"show_dashboard":0,"hidden":0,"set_only_once":0,"allow_in_quick_entry":0,"print_hide":0,"report_hide":0,"reqd":0,"bold":0,"in_global_search":0,"collapsible":0,"unique":0,"no_copy":0,"allow_on_submit":0,"show_preview_popup":0,"permlevel":0,"ignore_user_permissions":0,"columns":0,"default":"0","in_list_view":0,"fetch_if_empty":0,"in_filter":0,"remember_last_selected_value":0,"ignore_xss_filter":0,"print_hide_if_no_value":0,"allow_bulk_edit":0,"in_standard_filter":0,"in_preview":0,"read_only":0,"precision":"","length":0,"translatable":0,"hide_border":0,"hide_days":0,"hide_seconds":0,"non_negative":0,"is_virtual":0,"sort_options":0,"doctype":"DocField"},{"name":"e671b7907a","creation":"2023-09-18 13:43:54.474416","modified":"2023-09-18 13:43:54.474416","modified_by":"Administrator","owner":"Administrator","docstatus":0,"parent":"Client Side Scripting","parentfield":"fields","parenttype":"DocType","idx":2,"fieldname":"first_name","label":"First Name","fieldtype":"Data","search_index":0,"show_dashboard":0,"hidden":0,"set_only_once":0,"allow_in_quick_entry":0,"print_hide":0,"report_hide":0,"reqd":0,"bold":0,"in_global_search":0,"collapsible":0,"unique":0,"no_copy":0,"allow_on_submit":0,"show_preview_popup":0,"permlevel":0,"ignore_user_permissions":0,"columns":0,"in_list_view":0,"fetch_if_empty":0,"in_filter":0,"remember_last_selected_value":0,"ignore_xss_filter":0,"print_hide_if_no_value":0,"allow_bulk_edit":0,"in_standard_filter":0,"in_preview":0,"read_only":0,"precision":"","length":0,"translatable":0,"hide_border":0,"hide_days":0,"hide_seconds":0,"non_negative":0,"is_virtual":0,"sort_options":0,"doctype":"DocField"},{"name":"0e1cf3d74d","creation":"2023-09-18 13:43:54.474416","modified":"2023-09-18 13:43:54.474416","modified_by":"Administrator","owner":"Administrator","docstatus":0,"parent":"Client Side Scripting","parentfield":"fields","parenttype":"DocType","idx":3,"fieldname":"middle_name","label":"Middle Name","fieldtype":"Data","search_index":0,"show_dashboard":0,"hidden":0,"set_only_once":0,"allow_in_quick_entry":0,"print_hide":0,"report_hide":0,"reqd":0,"bold":0,"in_global_search":0,"collapsible":0,"unique":0,"no_copy":0,"allow_on_submit":0,"show_preview_popup":0,"permlevel":0,"ignore_user_permissions":0,"columns":0,"in_list_view":0,"fetch_if_empty":0,"in_filter":0,"remember_last_selected_value":0,"ignore_xss_filter":0,"print_hide_if_no_value":0,"allow_bulk_edit":0,"in_standard_filter":0,"in_preview":0,"read_only":0,"precision":"","length":0,"translatable":0,"hide_border":0,"hide_days":0,"hide_seconds":0,"non_negative":0,"is_virtual":0,"sort_options":0,"doctype":"DocField"},{"name":"d9d5f9177e","creation":"2023-09-18 13:43:54.474416","modified":"2023-09-18 13:43:54.474416","modified_by":"Administrator","owner":"Administrator","docstatus":0,"parent":"Client Side Scripting","parentfield":"fields","parenttype":"DocType","idx":4,"fieldname":"last_name","label":"Last Name","fieldtype":"Data","search_index":0,"show_dashboard":0,"hidden":0,"set_only_once":0,"allow_in_quick_entry":0,"print_hide":0,"report_hide":0,"reqd":0,"bold":0,"in_global_search":0,"collapsible":0,"unique":0,"no_copy":0,"allow_on_submit":0,"show_preview_popup":0,"permlevel":0,"ignore_user_permissions":0,"columns":0,"in_list_view":0,"fetch_if_empty":0,"in_filter":0,"remember_last_selected_value":0,"ignore_xss_filter":0,"print_hide_if_no_value":0,"allow_bulk_edit":0,"in_standard_filter":0,"in_preview":0,"read_only":0,"precision":"","length":0,"translatable":0,"hide_border":0,"hide_days":0,"hide_seconds":0,"non_negative":0,"is_virtual":0,"sort_options":0,"doctype":"DocField"},{"name":"692851e4a0","creation":"2023-09-18 13:43:54.474416","modified":"2023-09-18 13:43:54.474416","modified_by":"Administrator","owner":"Administrator","docstatus":0,"parent":"Client Side Scripting","parentfield":"fields","parenttype":"DocType","idx":5,"fieldname":"full_name","label":"Full Name","fieldtype":"Read Only","search_index":0,"show_dashboard":0,"hidden":0,"set_only_once":0,"allow_in_quick_entry":0,"print_hide":0,"report_hide":0,"reqd":0,"bold":0,"in_global_search":0,"collapsible":0,"unique":0,"no_copy":0,"allow_on_submit":0,"show_preview_popup":0,"permlevel":0,"ignore_user_permissions":0,"columns":0,"in_list_view":0,"fetch_if_empty":0,"in_filter":0,"remember_last_selected_value":0,"ignore_xss_filter":0,"print_hide_if_no_value":0,"allow_bulk_edit":0,"in_standard_filter":0,"in_preview":0,"read_only":0,"precision":"","length":0,"translatable":0,"hide_border":0,"hide_days":0,"hide_seconds":0,"non_negative":0,"is_virtual":0,"sort_options":0,"doctype":"DocField"},{"name":"a88ba65f91","creation":"2023-09-18 13:43:54.474416","modified":"2023-09-18 13:43:54.474416","modified_by":"Administrator","owner":"Administrator","docstatus":0,"parent":"Client Side Scripting","parentfield":"fields","parenttype":"DocType","idx":6,"fieldname":"column_break_hiq7t","fieldtype":"Column Break","search_index":0,"show_dashboard":0,"hidden":0,"set_only_once":0,"allow_in_quick_entry":0,"print_hide":0,"report_hide":0,"reqd":0,"bold":0,"in_global_search":0,"collapsible":0,"unique":0,"no_copy":0,"allow_on_submit":0,"show_preview_popup":0,"permlevel":0,"ignore_user_permissions":0,"columns":0,"in_list_view":0,"fetch_if_empty":0,"in_filter":0,"remember_last_selected_value":0,"ignore_xss_filter":0,"print_hide_if_no_value":0,"allow_bulk_edit":0,"in_standard_filter":0,"in_preview":0,"read_only":0,"precision":"","length":0,"translatable":0,"hide_border":0,"hide_days":0,"hide_seconds":0,"non_negative":0,"is_virtual":0,"sort_options":0,"doctype":"DocField"},{"name":"13758dbbb9","creation":"2023-09-18 13:43:54.474416","modified":"2023-09-18 13:43:54.474416","modified_by":"Administrator","owner":"Administrator","docstatus":0,"parent":"Client Side Scripting","parentfield":"fields","parenttype":"DocType","idx":7,"fieldname":"email","label":"Email","fieldtype":"Data","search_index":0,"show_dashboard":0,"hidden":0,"set_only_once":0,"allow_in_quick_entry":0,"print_hide":0,"report_hide":0,"reqd":0,"bold":0,"in_global_search":0,"collapsible":0,"unique":0,"no_copy":0,"allow_on_submit":0,"show_preview_popup":0,"permlevel":0,"ignore_user_permissions":0,"columns":0,"in_list_view":0,"fetch_if_empty":0,"in_filter":0,"remember_last_selected_value":0,"ignore_xss_filter":0,"print_hide_if_no_value":0,"allow_bulk_edit":0,"in_standard_filter":0,"in_preview":0,"read_only":0,"precision":"","length":0,"translatable":0,"hide_border":0,"hide_days":0,"hide_seconds":0,"non_negative":0,"is_virtual":0,"sort_options":0,"doctype":"DocField"},{"name":"cfe08ebb44","creation":"2023-09-18 13:43:54.474416","modified":"2023-09-18 13:43:54.474416","modified_by":"Administrator","owner":"Administrator","docstatus":0,"parent":"Client Side Scripting","parentfield":"fields","parenttype":"DocType","idx":8,"fieldname":"mob_no","label":"Mob No","fieldtype":"Data","search_index":0,"show_dashboard":0,"hidden":0,"set_only_once":0,"allow_in_quick_entry":0,"print_hide":0,"report_hide":0,"reqd":0,"bold":0,"in_global_search":0,"collapsible":0,"unique":0,"no_copy":0,"allow_on_submit":0,"show_preview_popup":0,"permlevel":0,"ignore_user_permissions":0,"columns":0,"in_list_view":0,"fetch_if_empty":0,"in_filter":0,"remember_last_selected_value":0,"ignore_xss_filter":0,"print_hide_if_no_value":0,"allow_bulk_edit":0,"in_standard_filter":0,"in_preview":0,"read_only":0,"precision":"","length":0,"translatable":0,"hide_border":0,"hide_days":0,"hide_seconds":0,"non_negative":0,"is_virtual":0,"sort_options":0,"doctype":"DocField"},{"name":"70163457bc","creation":"2023-09-18 13:43:54.474416","modified":"2023-09-18 13:43:54.474416","modified_by":"Administrator","owner":"Administrator","docstatus":0,"parent":"Client Side Scripting","parentfield":"fields","parenttype":"DocType","idx":9,"fieldname":"dob","label":"DOB","fieldtype":"Data","search_index":0,"show_dashboard":0,"hidden":0,"set_only_once":0,"allow_in_quick_entry":0,"print_hide":0,"report_hide":0,"reqd":0,"bold":0,"in_global_search":0,"collapsible":0,"unique":0,"no_copy":0,"allow_on_submit":0,"show_preview_popup":0,"permlevel":0,"ignore_user_permissions":0,"columns":0,"in_list_view":0,"fetch_if_empty":0,"in_filter":0,"remember_last_selected_value":0,"ignore_xss_filter":0,"print_hide_if_no_value":0,"allow_bulk_edit":0,"in_standard_filter":0,"in_preview":0,"read_only":0,"precision":"","length":0,"translatable":0,"hide_border":0,"hide_days":0,"hide_seconds":0,"non_negative":0,"is_virtual":0,"sort_options":0,"doctype":"DocField"},{"name":"a847eaeb8a","creation":"2023-09-18 13:43:54.474416","modified":"2023-09-18 13:43:54.474416","modified_by":"Administrator","owner":"Administrator","docstatus":0,"parent":"Client Side Scripting","parentfield":"fields","parenttype":"DocType","idx":10,"fieldname":"age","label":"Age","fieldtype":"Int","search_index":0,"show_dashboard":0,"hidden":0,"set_only_once":0,"allow_in_quick_entry":0,"print_hide":0,"report_hide":0,"reqd":0,"bold":0,"in_global_search":0,"collapsible":0,"unique":0,"no_copy":0,"allow_on_submit":0,"show_preview_popup":0,"permlevel":0,"ignore_user_permissions":0,"columns":0,"in_list_view":0,"fetch_if_empty":0,"in_filter":0,"remember_last_selected_value":0,"ignore_xss_filter":0,"print_hide_if_no_value":0,"allow_bulk_edit":0,"in_standard_filter":0,"in_preview":0,"read_only":0,"precision":"","length":0,"translatable":0,"hide_border":0,"hide_days":0,"hide_seconds":0,"non_negative":0,"is_virtual":0,"sort_options":0,"doctype":"DocField"},{"name":"8d4b8048d3","creation":"2023-09-18 13:43:54.474416","modified":"2023-09-18 13:43:54.474416","modified_by":"Administrator","owner":"Administrator","docstatus":0,"parent":"Client Side Scripting","parentfield":"fields","parenttype":"DocType","idx":11,"fieldname":"section_break_j1gkn","fieldtype":"Section Break","search_index":0,"show_dashboard":0,"hidden":0,"set_only_once":0,"allow_in_quick_entry":0,"print_hide":0,"report_hide":0,"reqd":0,"bold":0,"in_global_search":0,"collapsible":0,"unique":0,"no_copy":0,"allow_on_submit":0,"show_preview_popup":0,"permlevel":0,"ignore_user_permissions":0,"columns":0,"in_list_view":0,"fetch_if_empty":0,"in_filter":0,"remember_last_selected_value":0,"ignore_xss_filter":0,"print_hide_if_no_value":0,"allow_bulk_edit":0,"in_standard_filter":0,"in_preview":0,"read_only":0,"precision":"","length":0,"translatable":0,"hide_border":0,"hide_days":0,"hide_seconds":0,"non_negative":0,"is_virtual":0,"sort_options":0,"doctype":"DocField"},{"name":"4db6557459","creation":"2023-09-18 13:43:54.474416","modified":"2023-09-18 13:43:54.474416","modified_by":"Administrator","owner":"Administrator","docstatus":0,"parent":"Client Side Scripting","parentfield":"fields","parenttype":"DocType","idx":12,"fieldname":"family_members","label":"Family Members","fieldtype":"Data","search_index":0,"show_dashboard":0,"hidden":0,"set_only_once":0,"allow_in_quick_entry":0,"print_hide":0,"report_hide":0,"reqd":0,"bold":0,"in_global_search":0,"collapsible":0,"unique":0,"no_copy":0,"allow_on_submit":0,"show_preview_popup":0,"permlevel":0,"ignore_user_permissions":0,"columns":0,"in_list_view":0,"fetch_if_empty":0,"in_filter":0,"remember_last_selected_value":0,"ignore_xss_filter":0,"print_hide_if_no_value":0,"allow_bulk_edit":0,"in_standard_filter":0,"in_preview":0,"read_only":0,"precision":"","length":0,"translatable":0,"hide_border":0,"hide_days":0,"hide_seconds":0,"non_negative":0,"is_virtual":0,"sort_options":0,"doctype":"DocField","options":"Family Members"},{"name":"bbb90428e2","creation":"2023-09-18 13:43:54.492806","modified":"2023-09-18 13:43:54.492806","modified_by":"Administrator","docstatus":0,"parent":"Client Side Scripting","parentfield":"fields","parenttype":"DocType","idx":13,"fieldname":"amended_from","label":"Amended From","fieldtype":"Link","options":"Client Side Scripting","search_index":0,"show_dashboard":0,"hidden":0,"set_only_once":0,"allow_in_quick_entry":0,"print_hide":1,"report_hide":0,"reqd":0,"bold":0,"in_global_search":0,"collapsible":0,"unique":0,"no_copy":1,"allow_on_submit":0,"show_preview_popup":0,"permlevel":0,"ignore_user_permissions":0,"columns":0,"in_list_view":0,"fetch_if_empty":0,"in_filter":0,"remember_last_selected_value":0,"ignore_xss_filter":0,"print_hide_if_no_value":0,"allow_bulk_edit":0,"in_standard_filter":0,"in_preview":0,"read_only":1,"length":0,"translatable":0,"hide_border":0,"hide_days":0,"hide_seconds":0,"non_negative":0,"is_virtual":0,"sort_options":0,"doctype":"DocField"}],"links":[],"actions":[],"permissions":[{"name":"e3a5bc4e15","creation":"2023-09-18 13:43:54.474416","modified":"2023-09-18 13:43:54.474416","modified_by":"Administrator","owner":"Administrator","docstatus":0,"parent":"Client Side Scripting","parentfield":"permissions","parenttype":"DocType","idx":1,"permlevel":0,"role":"System Manager","read":1,"write":1,"create":1,"submit":0,"cancel":0,"delete":1,"amend":0,"report":1,"export":1,"import":0,"share":1,"print":1,"email":1,"if_owner":0,"select":0,"set_user_permissions":0,"doctype":"DocPerm"}],"states":[],"__last_sync_on":"2023-09-18T08:22:08.813Z","__unsaved":1}', 'action': 'Save', 'cmd': 'frappe.desk.form.save.savedocs'}
2023-09-18 13:52:30,225 ERROR frappe Could not take error snapshot: characters_written
Site: programming.in
Form Dict: {'doctype': 'Client Side Scripting', 'with_parent': '1', 'cached_timestamp': '2023-09-16 18:36:56.681810', 'cmd': 'frappe.desk.form.load.getdoctype'}
Traceback (most recent call last):
  File "/home/office_user/programming_bench/apps/frappe/frappe/app.py", line 94, in application
    response = frappe.api.handle()
  File "/home/office_user/programming_bench/apps/frappe/frappe/api.py", line 54, in handle
    return frappe.handler.handle()
  File "/home/office_user/programming_bench/apps/frappe/frappe/handler.py", line 47, in handle
    data = execute_cmd(cmd)
  File "/home/office_user/programming_bench/apps/frappe/frappe/handler.py", line 85, in execute_cmd
    return frappe.call(method, **frappe.form_dict)
  File "/home/office_user/programming_bench/apps/frappe/frappe/__init__.py", line 1622, in call
    return fn(*args, **newargs)
  File "/home/office_user/programming_bench/apps/frappe/frappe/desk/form/load.py", line 72, in getdoctype
    docs = get_meta_bundle(doctype)
  File "/home/office_user/programming_bench/apps/frappe/frappe/desk/form/load.py", line 83, in get_meta_bundle
    bundle = [frappe.desk.form.meta.get_meta(doctype)]
  File "/home/office_user/programming_bench/apps/frappe/frappe/desk/form/meta.py", line 44, in get_meta
    meta = FormMeta(doctype)
  File "/home/office_user/programming_bench/apps/frappe/frappe/desk/form/meta.py", line 55, in __init__
    self.load_assets()
  File "/home/office_user/programming_bench/apps/frappe/frappe/desk/form/meta.py", line 65, in load_assets
    self.add_code()
  File "/home/office_user/programming_bench/apps/frappe/frappe/desk/form/meta.py", line 120, in add_code
    self.add_html_templates(path)
  File "/home/office_user/programming_bench/apps/frappe/frappe/desk/form/meta.py", line 133, in add_html_templates
    for fname in os.listdir(path):
FileNotFoundError: [Errno 2] No such file or directory: '/home/office_user/programming_bench/apps/programming_app/programming_app/programming_app/doctype/client_side_scripting'

During handling of the above exception, another exception occurred:

Traceback (most recent call last):
  File "/home/office_user/programming_bench/apps/frappe/frappe/utils/error.py", line 60, in make_error_snapshot
    snapshot = get_snapshot(exception)
  File "/home/office_user/programming_bench/apps/frappe/frappe/utils/error.py", line 155, in get_snapshot
    value = pydoc.text.repr(getattr(evalue, name))
AttributeError: characters_written
2023-09-18 13:52:34,107 ERROR frappe Could not take error snapshot: characters_written
Site: programming.in
Form Dict: {'doctype': 'Client Side Scripting', 'with_parent': '1', 'cached_timestamp': '', 'cmd': 'frappe.desk.form.load.getdoctype'}
Traceback (most recent call last):
  File "/home/office_user/programming_bench/apps/frappe/frappe/app.py", line 94, in application
    response = frappe.api.handle()
  File "/home/office_user/programming_bench/apps/frappe/frappe/api.py", line 54, in handle
    return frappe.handler.handle()
  File "/home/office_user/programming_bench/apps/frappe/frappe/handler.py", line 47, in handle
    data = execute_cmd(cmd)
  File "/home/office_user/programming_bench/apps/frappe/frappe/handler.py", line 85, in execute_cmd
    return frappe.call(method, **frappe.form_dict)
  File "/home/office_user/programming_bench/apps/frappe/frappe/__init__.py", line 1622, in call
    return fn(*args, **newargs)
  File "/home/office_user/programming_bench/apps/frappe/frappe/desk/form/load.py", line 72, in getdoctype
    docs = get_meta_bundle(doctype)
  File "/home/office_user/programming_bench/apps/frappe/frappe/desk/form/load.py", line 83, in get_meta_bundle
    bundle = [frappe.desk.form.meta.get_meta(doctype)]
  File "/home/office_user/programming_bench/apps/frappe/frappe/desk/form/meta.py", line 44, in get_meta
    meta = FormMeta(doctype)
  File "/home/office_user/programming_bench/apps/frappe/frappe/desk/form/meta.py", line 55, in __init__
    self.load_assets()
  File "/home/office_user/programming_bench/apps/frappe/frappe/desk/form/meta.py", line 65, in load_assets
    self.add_code()
  File "/home/office_user/programming_bench/apps/frappe/frappe/desk/form/meta.py", line 120, in add_code
    self.add_html_templates(path)
  File "/home/office_user/programming_bench/apps/frappe/frappe/desk/form/meta.py", line 133, in add_html_templates
    for fname in os.listdir(path):
FileNotFoundError: [Errno 2] No such file or directory: '/home/office_user/programming_bench/apps/programming_app/programming_app/programming_app/doctype/client_side_scripting'

During handling of the above exception, another exception occurred:

Traceback (most recent call last):
  File "/home/office_user/programming_bench/apps/frappe/frappe/utils/error.py", line 60, in make_error_snapshot
    snapshot = get_snapshot(exception)
  File "/home/office_user/programming_bench/apps/frappe/frappe/utils/error.py", line 155, in get_snapshot
    value = pydoc.text.repr(getattr(evalue, name))
AttributeError: characters_written
2023-09-18 13:52:46,524 ERROR frappe Could not take error snapshot: characters_written
Site: programming.in
Form Dict: {'doctype': 'Client Side Scripting', 'with_parent': '1', 'cached_timestamp': '', 'cmd': 'frappe.desk.form.load.getdoctype'}
Traceback (most recent call last):
  File "/home/office_user/programming_bench/apps/frappe/frappe/app.py", line 94, in application
    response = frappe.api.handle()
  File "/home/office_user/programming_bench/apps/frappe/frappe/api.py", line 54, in handle
    return frappe.handler.handle()
  File "/home/office_user/programming_bench/apps/frappe/frappe/handler.py", line 47, in handle
    data = execute_cmd(cmd)
  File "/home/office_user/programming_bench/apps/frappe/frappe/handler.py", line 85, in execute_cmd
    return frappe.call(method, **frappe.form_dict)
  File "/home/office_user/programming_bench/apps/frappe/frappe/__init__.py", line 1622, in call
    return fn(*args, **newargs)
  File "/home/office_user/programming_bench/apps/frappe/frappe/desk/form/load.py", line 72, in getdoctype
    docs = get_meta_bundle(doctype)
  File "/home/office_user/programming_bench/apps/frappe/frappe/desk/form/load.py", line 83, in get_meta_bundle
    bundle = [frappe.desk.form.meta.get_meta(doctype)]
  File "/home/office_user/programming_bench/apps/frappe/frappe/desk/form/meta.py", line 44, in get_meta
    meta = FormMeta(doctype)
  File "/home/office_user/programming_bench/apps/frappe/frappe/desk/form/meta.py", line 55, in __init__
    self.load_assets()
  File "/home/office_user/programming_bench/apps/frappe/frappe/desk/form/meta.py", line 65, in load_assets
    self.add_code()
  File "/home/office_user/programming_bench/apps/frappe/frappe/desk/form/meta.py", line 120, in add_code
    self.add_html_templates(path)
  File "/home/office_user/programming_bench/apps/frappe/frappe/desk/form/meta.py", line 133, in add_html_templates
    for fname in os.listdir(path):
FileNotFoundError: [Errno 2] No such file or directory: '/home/office_user/programming_bench/apps/programming_app/programming_app/programming_app/doctype/client_side_scripting'

During handling of the above exception, another exception occurred:

Traceback (most recent call last):
  File "/home/office_user/programming_bench/apps/frappe/frappe/utils/error.py", line 60, in make_error_snapshot
    snapshot = get_snapshot(exception)
  File "/home/office_user/programming_bench/apps/frappe/frappe/utils/error.py", line 155, in get_snapshot
    value = pydoc.text.repr(getattr(evalue, name))
AttributeError: characters_written
2023-09-18 13:56:08,252 ERROR frappe New Exception collected with id: 2023-09-18 13:56:08.249288-127.0.0.1-32a
Site: programming.in
Form Dict: {'doc': '{"name":"Client Side Scripting","creation":"2023-09-18 13:43:54.474416","modified":"2023-09-18 13:52:22.329054","modified_by":"Administrator","owner":"Administrator","docstatus":0,"idx":0,"issingle":0,"is_tree":0,"istable":0,"editable_grid":1,"track_changes":1,"module":"Programming App","naming_rule":"","name_case":"","sort_field":"modified","sort_order":"DESC","read_only":0,"in_create":0,"allow_copy":0,"allow_rename":1,"allow_import":0,"hide_toolbar":0,"track_seen":0,"max_attachments":0,"document_type":"","engine":"InnoDB","is_submittable":1,"show_name_in_global_search":0,"custom":0,"beta":0,"has_web_view":0,"allow_guest_to_view":0,"email_append_to":0,"show_title_field_in_link":0,"translated_doctype":0,"is_calendar_and_gantt":0,"quick_entry":1,"track_views":0,"is_virtual":0,"allow_events_in_timeline":0,"allow_auto_repeat":0,"make_attachments_public":0,"default_view":"List","force_re_route_to_default_view":0,"show_preview_popup":0,"index_web_pages_for_search":1,"doctype":"DocType","fields":[{"name":"a1343ef9a6","creation":"2023-09-18 13:43:54.474416","modified":"2023-09-18 13:52:22.329054","modified_by":"Administrator","owner":"Administrator","docstatus":0,"parent":"Client Side Scripting","parentfield":"fields","parenttype":"DocType","idx":1,"fieldname":"enable","label":"Enable","fieldtype":"Check","search_index":0,"show_dashboard":0,"hidden":0,"set_only_once":0,"allow_in_quick_entry":0,"print_hide":0,"report_hide":0,"reqd":0,"bold":0,"in_global_search":0,"collapsible":0,"unique":0,"no_copy":0,"allow_on_submit":0,"show_preview_popup":0,"permlevel":0,"ignore_user_permissions":0,"columns":0,"default":"0","in_list_view":0,"fetch_if_empty":0,"in_filter":0,"remember_last_selected_value":0,"ignore_xss_filter":0,"print_hide_if_no_value":0,"allow_bulk_edit":0,"in_standard_filter":0,"in_preview":0,"read_only":0,"precision":"","length":0,"translatable":0,"hide_border":0,"hide_days":0,"hide_seconds":0,"non_negative":0,"is_virtual":0,"sort_options":0,"doctype":"DocField"},{"name":"e671b7907a","creation":"2023-09-18 13:43:54.474416","modified":"2023-09-18 13:52:22.329054","modified_by":"Administrator","owner":"Administrator","docstatus":0,"parent":"Client Side Scripting","parentfield":"fields","parenttype":"DocType","idx":2,"fieldname":"first_name","label":"First Name","fieldtype":"Data","search_index":0,"show_dashboard":0,"hidden":0,"set_only_once":0,"allow_in_quick_entry":0,"print_hide":0,"report_hide":0,"reqd":0,"bold":0,"in_global_search":0,"collapsible":0,"unique":0,"no_copy":0,"allow_on_submit":0,"show_preview_popup":0,"permlevel":0,"ignore_user_permissions":0,"columns":0,"in_list_view":0,"fetch_if_empty":0,"in_filter":0,"remember_last_selected_value":0,"ignore_xss_filter":0,"print_hide_if_no_value":0,"allow_bulk_edit":0,"in_standard_filter":0,"in_preview":0,"read_only":0,"precision":"","length":0,"translatable":0,"hide_border":0,"hide_days":0,"hide_seconds":0,"non_negative":0,"is_virtual":0,"sort_options":0,"doctype":"DocField"},{"name":"0e1cf3d74d","creation":"2023-09-18 13:43:54.474416","modified":"2023-09-18 13:52:22.329054","modified_by":"Administrator","owner":"Administrator","docstatus":0,"parent":"Client Side Scripting","parentfield":"fields","parenttype":"DocType","idx":3,"fieldname":"middle_name","label":"Middle Name","fieldtype":"Data","search_index":0,"show_dashboard":0,"hidden":0,"set_only_once":0,"allow_in_quick_entry":0,"print_hide":0,"report_hide":0,"reqd":0,"bold":0,"in_global_search":0,"collapsible":0,"unique":0,"no_copy":0,"allow_on_submit":0,"show_preview_popup":0,"permlevel":0,"ignore_user_permissions":0,"columns":0,"in_list_view":0,"fetch_if_empty":0,"in_filter":0,"remember_last_selected_value":0,"ignore_xss_filter":0,"print_hide_if_no_value":0,"allow_bulk_edit":0,"in_standard_filter":0,"in_preview":0,"read_only":0,"precision":"","length":0,"translatable":0,"hide_border":0,"hide_days":0,"hide_seconds":0,"non_negative":0,"is_virtual":0,"sort_options":0,"doctype":"DocField"},{"name":"d9d5f9177e","creation":"2023-09-18 13:43:54.474416","modified":"2023-09-18 13:52:22.329054","modified_by":"Administrator","owner":"Administrator","docstatus":0,"parent":"Client Side Scripting","parentfield":"fields","parenttype":"DocType","idx":4,"fieldname":"last_name","label":"Last Name","fieldtype":"Data","search_index":0,"show_dashboard":0,"hidden":0,"set_only_once":0,"allow_in_quick_entry":0,"print_hide":0,"report_hide":0,"reqd":0,"bold":0,"in_global_search":0,"collapsible":0,"unique":0,"no_copy":0,"allow_on_submit":0,"show_preview_popup":0,"permlevel":0,"ignore_user_permissions":0,"columns":0,"in_list_view":0,"fetch_if_empty":0,"in_filter":0,"remember_last_selected_value":0,"ignore_xss_filter":0,"print_hide_if_no_value":0,"allow_bulk_edit":0,"in_standard_filter":0,"in_preview":0,"read_only":0,"precision":"","length":0,"translatable":0,"hide_border":0,"hide_days":0,"hide_seconds":0,"non_negative":0,"is_virtual":0,"sort_options":0,"doctype":"DocField"},{"name":"692851e4a0","creation":"2023-09-18 13:43:54.474416","modified":"2023-09-18 13:52:22.329054","modified_by":"Administrator","owner":"Administrator","docstatus":0,"parent":"Client Side Scripting","parentfield":"fields","parenttype":"DocType","idx":5,"fieldname":"full_name","label":"Full Name","fieldtype":"Read Only","search_index":0,"show_dashboard":0,"hidden":0,"set_only_once":0,"allow_in_quick_entry":0,"print_hide":0,"report_hide":0,"reqd":0,"bold":0,"in_global_search":0,"collapsible":0,"unique":0,"no_copy":0,"allow_on_submit":0,"show_preview_popup":0,"permlevel":0,"ignore_user_permissions":0,"columns":0,"in_list_view":0,"fetch_if_empty":0,"in_filter":0,"remember_last_selected_value":0,"ignore_xss_filter":0,"print_hide_if_no_value":0,"allow_bulk_edit":0,"in_standard_filter":0,"in_preview":0,"read_only":0,"precision":"","length":0,"translatable":0,"hide_border":0,"hide_days":0,"hide_seconds":0,"non_negative":0,"is_virtual":0,"sort_options":0,"doctype":"DocField"},{"name":"a88ba65f91","creation":"2023-09-18 13:43:54.474416","modified":"2023-09-18 13:52:22.329054","modified_by":"Administrator","owner":"Administrator","docstatus":0,"parent":"Client Side Scripting","parentfield":"fields","parenttype":"DocType","idx":6,"fieldname":"column_break_hiq7t","fieldtype":"Column Break","search_index":0,"show_dashboard":0,"hidden":0,"set_only_once":0,"allow_in_quick_entry":0,"print_hide":0,"report_hide":0,"reqd":0,"bold":0,"in_global_search":0,"collapsible":0,"unique":0,"no_copy":0,"allow_on_submit":0,"show_preview_popup":0,"permlevel":0,"ignore_user_permissions":0,"columns":0,"in_list_view":0,"fetch_if_empty":0,"in_filter":0,"remember_last_selected_value":0,"ignore_xss_filter":0,"print_hide_if_no_value":0,"allow_bulk_edit":0,"in_standard_filter":0,"in_preview":0,"read_only":0,"precision":"","length":0,"translatable":0,"hide_border":0,"hide_days":0,"hide_seconds":0,"non_negative":0,"is_virtual":0,"sort_options":0,"doctype":"DocField"},{"name":"13758dbbb9","creation":"2023-09-18 13:43:54.474416","modified":"2023-09-18 13:52:22.329054","modified_by":"Administrator","owner":"Administrator","docstatus":0,"parent":"Client Side Scripting","parentfield":"fields","parenttype":"DocType","idx":7,"fieldname":"email","label":"Email","fieldtype":"Data","search_index":0,"show_dashboard":0,"hidden":0,"set_only_once":0,"allow_in_quick_entry":0,"print_hide":0,"report_hide":0,"reqd":0,"bold":0,"in_global_search":0,"collapsible":0,"unique":0,"no_copy":0,"allow_on_submit":0,"show_preview_popup":0,"permlevel":0,"ignore_user_permissions":0,"columns":0,"in_list_view":0,"fetch_if_empty":0,"in_filter":0,"remember_last_selected_value":0,"ignore_xss_filter":0,"print_hide_if_no_value":0,"allow_bulk_edit":0,"in_standard_filter":0,"in_preview":0,"read_only":0,"precision":"","length":0,"translatable":0,"hide_border":0,"hide_days":0,"hide_seconds":0,"non_negative":0,"is_virtual":0,"sort_options":0,"doctype":"DocField"},{"name":"cfe08ebb44","creation":"2023-09-18 13:43:54.474416","modified":"2023-09-18 13:52:22.329054","modified_by":"Administrator","owner":"Administrator","docstatus":0,"parent":"Client Side Scripting","parentfield":"fields","parenttype":"DocType","idx":8,"fieldname":"mob_no","label":"Mob No","fieldtype":"Data","search_index":0,"show_dashboard":0,"hidden":0,"set_only_once":0,"allow_in_quick_entry":0,"print_hide":0,"report_hide":0,"reqd":0,"bold":0,"in_global_search":0,"collapsible":0,"unique":0,"no_copy":0,"allow_on_submit":0,"show_preview_popup":0,"permlevel":0,"ignore_user_permissions":0,"columns":0,"in_list_view":0,"fetch_if_empty":0,"in_filter":0,"remember_last_selected_value":0,"ignore_xss_filter":0,"print_hide_if_no_value":0,"allow_bulk_edit":0,"in_standard_filter":0,"in_preview":0,"read_only":0,"precision":"","length":0,"translatable":0,"hide_border":0,"hide_days":0,"hide_seconds":0,"non_negative":0,"is_virtual":0,"sort_options":0,"doctype":"DocField"},{"name":"70163457bc","creation":"2023-09-18 13:43:54.474416","modified":"2023-09-18 13:52:22.329054","modified_by":"Administrator","owner":"Administrator","docstatus":0,"parent":"Client Side Scripting","parentfield":"fields","parenttype":"DocType","idx":9,"fieldname":"dob","label":"DOB","fieldtype":"Data","search_index":0,"show_dashboard":0,"hidden":0,"set_only_once":0,"allow_in_quick_entry":0,"print_hide":0,"report_hide":0,"reqd":0,"bold":0,"in_global_search":0,"collapsible":0,"unique":0,"no_copy":0,"allow_on_submit":0,"show_preview_popup":0,"permlevel":0,"ignore_user_permissions":0,"columns":0,"in_list_view":0,"fetch_if_empty":0,"in_filter":0,"remember_last_selected_value":0,"ignore_xss_filter":0,"print_hide_if_no_value":0,"allow_bulk_edit":0,"in_standard_filter":0,"in_preview":0,"read_only":0,"precision":"","length":0,"translatable":0,"hide_border":0,"hide_days":0,"hide_seconds":0,"non_negative":0,"is_virtual":0,"sort_options":0,"doctype":"DocField"},{"name":"a847eaeb8a","creation":"2023-09-18 13:43:54.474416","modified":"2023-09-18 13:52:22.329054","modified_by":"Administrator","owner":"Administrator","docstatus":0,"parent":"Client Side Scripting","parentfield":"fields","parenttype":"DocType","idx":10,"fieldname":"age","label":"Age","fieldtype":"Int","search_index":0,"show_dashboard":0,"hidden":0,"set_only_once":0,"allow_in_quick_entry":0,"print_hide":0,"report_hide":0,"reqd":0,"bold":0,"in_global_search":0,"collapsible":0,"unique":0,"no_copy":0,"allow_on_submit":0,"show_preview_popup":0,"permlevel":0,"ignore_user_permissions":0,"columns":0,"in_list_view":0,"fetch_if_empty":0,"in_filter":0,"remember_last_selected_value":0,"ignore_xss_filter":0,"print_hide_if_no_value":0,"allow_bulk_edit":0,"in_standard_filter":0,"in_preview":0,"read_only":0,"precision":"","length":0,"translatable":0,"hide_border":0,"hide_days":0,"hide_seconds":0,"non_negative":0,"is_virtual":0,"sort_options":0,"doctype":"DocField"},{"name":"8d4b8048d3","creation":"2023-09-18 13:43:54.474416","modified":"2023-09-18 13:52:22.329054","modified_by":"Administrator","owner":"Administrator","docstatus":0,"parent":"Client Side Scripting","parentfield":"fields","parenttype":"DocType","idx":11,"fieldname":"section_break_j1gkn","fieldtype":"Section Break","search_index":0,"show_dashboard":0,"hidden":0,"set_only_once":0,"allow_in_quick_entry":0,"print_hide":0,"report_hide":0,"reqd":0,"bold":0,"in_global_search":0,"collapsible":0,"unique":0,"no_copy":0,"allow_on_submit":0,"show_preview_popup":0,"permlevel":0,"ignore_user_permissions":0,"columns":0,"in_list_view":0,"fetch_if_empty":0,"in_filter":0,"remember_last_selected_value":0,"ignore_xss_filter":0,"print_hide_if_no_value":0,"allow_bulk_edit":0,"in_standard_filter":0,"in_preview":0,"read_only":0,"precision":"","length":0,"translatable":0,"hide_border":0,"hide_days":0,"hide_seconds":0,"non_negative":0,"is_virtual":0,"sort_options":0,"doctype":"DocField"},{"name":"4db6557459","creation":"2023-09-18 13:43:54.474416","modified":"2023-09-18 13:52:22.329054","modified_by":"Administrator","owner":"Administrator","docstatus":0,"parent":"Client Side Scripting","parentfield":"fields","parenttype":"DocType","idx":12,"fieldname":"family_members","label":"New Family Members","fieldtype":"Data","options":"Family Members","search_index":0,"show_dashboard":0,"hidden":0,"set_only_once":0,"allow_in_quick_entry":0,"print_hide":0,"report_hide":0,"reqd":0,"bold":0,"in_global_search":0,"collapsible":0,"unique":0,"no_copy":0,"allow_on_submit":0,"show_preview_popup":0,"permlevel":0,"ignore_user_permissions":0,"columns":0,"in_list_view":0,"fetch_if_empty":0,"in_filter":0,"remember_last_selected_value":0,"ignore_xss_filter":0,"print_hide_if_no_value":0,"allow_bulk_edit":0,"in_standard_filter":0,"in_preview":0,"read_only":0,"precision":"","length":0,"translatable":0,"hide_border":0,"hide_days":0,"hide_seconds":0,"non_negative":0,"is_virtual":0,"sort_options":0,"doctype":"DocField"},{"name":"bbb90428e2","creation":"2023-09-18 13:43:54.492806","modified":"2023-09-18 13:52:22.329054","modified_by":"Administrator","owner":"Administrator","docstatus":0,"parent":"Client Side Scripting","parentfield":"fields","parenttype":"DocType","idx":13,"fieldname":"amended_from","label":"Amended From","fieldtype":"Link","options":"Client Side Scripting","search_index":0,"show_dashboard":0,"hidden":0,"set_only_once":0,"allow_in_quick_entry":0,"print_hide":1,"report_hide":0,"reqd":0,"bold":0,"in_global_search":0,"collapsible":0,"unique":0,"no_copy":1,"allow_on_submit":0,"show_preview_popup":0,"permlevel":0,"ignore_user_permissions":0,"columns":0,"in_list_view":0,"fetch_if_empty":0,"in_filter":0,"remember_last_selected_value":0,"ignore_xss_filter":0,"print_hide_if_no_value":0,"allow_bulk_edit":0,"in_standard_filter":0,"in_preview":0,"read_only":1,"length":0,"translatable":0,"hide_border":0,"hide_days":0,"hide_seconds":0,"non_negative":0,"is_virtual":0,"sort_options":0,"doctype":"DocField"}],"links":[],"actions":[],"permissions":[{"name":"e3a5bc4e15","creation":"2023-09-18 13:43:54.474416","modified":"2023-09-18 13:52:22.329054","modified_by":"Administrator","owner":"Administrator","docstatus":0,"parent":"Client Side Scripting","parentfield":"permissions","parenttype":"DocType","idx":1,"permlevel":0,"role":"System Manager","read":1,"write":1,"create":1,"submit":0,"cancel":0,"delete":1,"amend":0,"report":1,"export":1,"import":0,"share":1,"print":1,"email":1,"if_owner":0,"select":0,"set_user_permissions":0,"doctype":"DocPerm"}],"states":[],"__last_sync_on":"2023-09-18T08:26:00.678Z","__unsaved":1}', 'action': 'Save', 'cmd': 'frappe.desk.form.save.savedocs'}
2023-09-18 13:56:58,442 ERROR frappe New Exception collected with id: 2023-09-18 13:56:58.439087-127.0.0.1-805
Site: programming.in
Form Dict: {'doc': '{"name":"Client Side Scripting","creation":"2023-09-18 13:43:54.474416","modified":"2023-09-18 13:56:08.179600","modified_by":"Administrator","owner":"Administrator","docstatus":0,"idx":0,"issingle":0,"is_tree":0,"istable":0,"editable_grid":1,"track_changes":1,"module":"Programming App","naming_rule":"","name_case":"","sort_field":"modified","sort_order":"DESC","read_only":0,"in_create":0,"allow_copy":0,"allow_rename":1,"allow_import":0,"hide_toolbar":0,"track_seen":0,"max_attachments":0,"document_type":"","engine":"InnoDB","is_submittable":1,"show_name_in_global_search":0,"custom":0,"beta":0,"has_web_view":0,"allow_guest_to_view":0,"email_append_to":0,"show_title_field_in_link":0,"translated_doctype":0,"is_calendar_and_gantt":0,"quick_entry":1,"track_views":0,"is_virtual":0,"allow_events_in_timeline":0,"allow_auto_repeat":0,"make_attachments_public":0,"default_view":"List","force_re_route_to_default_view":0,"show_preview_popup":0,"index_web_pages_for_search":1,"doctype":"DocType","fields":[{"name":"a1343ef9a6","creation":"2023-09-18 13:43:54.474416","modified":"2023-09-18 13:56:08.179600","modified_by":"Administrator","owner":"Administrator","docstatus":0,"parent":"Client Side Scripting","parentfield":"fields","parenttype":"DocType","idx":1,"fieldname":"enable","label":"Enable","fieldtype":"Check","search_index":0,"show_dashboard":0,"hidden":0,"set_only_once":0,"allow_in_quick_entry":0,"print_hide":0,"report_hide":0,"reqd":0,"bold":0,"in_global_search":0,"collapsible":0,"unique":0,"no_copy":0,"allow_on_submit":0,"show_preview_popup":0,"permlevel":0,"ignore_user_permissions":0,"columns":0,"default":"0","in_list_view":0,"fetch_if_empty":0,"in_filter":0,"remember_last_selected_value":0,"ignore_xss_filter":0,"print_hide_if_no_value":0,"allow_bulk_edit":0,"in_standard_filter":0,"in_preview":0,"read_only":0,"precision":"","length":0,"translatable":0,"hide_border":0,"hide_days":0,"hide_seconds":0,"non_negative":0,"is_virtual":0,"sort_options":0,"doctype":"DocField"},{"name":"e671b7907a","creation":"2023-09-18 13:43:54.474416","modified":"2023-09-18 13:56:08.179600","modified_by":"Administrator","owner":"Administrator","docstatus":0,"parent":"Client Side Scripting","parentfield":"fields","parenttype":"DocType","idx":2,"fieldname":"first_name","label":"First Name","fieldtype":"Data","search_index":0,"show_dashboard":0,"hidden":0,"set_only_once":0,"allow_in_quick_entry":0,"print_hide":0,"report_hide":0,"reqd":0,"bold":0,"in_global_search":0,"collapsible":0,"unique":0,"no_copy":0,"allow_on_submit":0,"show_preview_popup":0,"permlevel":0,"ignore_user_permissions":0,"columns":0,"in_list_view":0,"fetch_if_empty":0,"in_filter":0,"remember_last_selected_value":0,"ignore_xss_filter":0,"print_hide_if_no_value":0,"allow_bulk_edit":0,"in_standard_filter":0,"in_preview":0,"read_only":0,"precision":"","length":0,"translatable":0,"hide_border":0,"hide_days":0,"hide_seconds":0,"non_negative":0,"is_virtual":0,"sort_options":0,"doctype":"DocField"},{"name":"0e1cf3d74d","creation":"2023-09-18 13:43:54.474416","modified":"2023-09-18 13:56:08.179600","modified_by":"Administrator","owner":"Administrator","docstatus":0,"parent":"Client Side Scripting","parentfield":"fields","parenttype":"DocType","idx":3,"fieldname":"middle_name","label":"Middle Name","fieldtype":"Data","search_index":0,"show_dashboard":0,"hidden":0,"set_only_once":0,"allow_in_quick_entry":0,"print_hide":0,"report_hide":0,"reqd":0,"bold":0,"in_global_search":0,"collapsible":0,"unique":0,"no_copy":0,"allow_on_submit":0,"show_preview_popup":0,"permlevel":0,"ignore_user_permissions":0,"columns":0,"in_list_view":0,"fetch_if_empty":0,"in_filter":0,"remember_last_selected_value":0,"ignore_xss_filter":0,"print_hide_if_no_value":0,"allow_bulk_edit":0,"in_standard_filter":0,"in_preview":0,"read_only":0,"precision":"","length":0,"translatable":0,"hide_border":0,"hide_days":0,"hide_seconds":0,"non_negative":0,"is_virtual":0,"sort_options":0,"doctype":"DocField"},{"name":"d9d5f9177e","creation":"2023-09-18 13:43:54.474416","modified":"2023-09-18 13:56:08.179600","modified_by":"Administrator","owner":"Administrator","docstatus":0,"parent":"Client Side Scripting","parentfield":"fields","parenttype":"DocType","idx":4,"fieldname":"last_name","label":"Last Name","fieldtype":"Data","search_index":0,"show_dashboard":0,"hidden":0,"set_only_once":0,"allow_in_quick_entry":0,"print_hide":0,"report_hide":0,"reqd":0,"bold":0,"in_global_search":0,"collapsible":0,"unique":0,"no_copy":0,"allow_on_submit":0,"show_preview_popup":0,"permlevel":0,"ignore_user_permissions":0,"columns":0,"in_list_view":0,"fetch_if_empty":0,"in_filter":0,"remember_last_selected_value":0,"ignore_xss_filter":0,"print_hide_if_no_value":0,"allow_bulk_edit":0,"in_standard_filter":0,"in_preview":0,"read_only":0,"precision":"","length":0,"translatable":0,"hide_border":0,"hide_days":0,"hide_seconds":0,"non_negative":0,"is_virtual":0,"sort_options":0,"doctype":"DocField"},{"name":"692851e4a0","creation":"2023-09-18 13:43:54.474416","modified":"2023-09-18 13:56:08.179600","modified_by":"Administrator","owner":"Administrator","docstatus":0,"parent":"Client Side Scripting","parentfield":"fields","parenttype":"DocType","idx":5,"fieldname":"full_name","label":"Full Name","fieldtype":"Read Only","search_index":0,"show_dashboard":0,"hidden":0,"set_only_once":0,"allow_in_quick_entry":0,"print_hide":0,"report_hide":0,"reqd":0,"bold":0,"in_global_search":0,"collapsible":0,"unique":0,"no_copy":0,"allow_on_submit":0,"show_preview_popup":0,"permlevel":0,"ignore_user_permissions":0,"columns":0,"in_list_view":0,"fetch_if_empty":0,"in_filter":0,"remember_last_selected_value":0,"ignore_xss_filter":0,"print_hide_if_no_value":0,"allow_bulk_edit":0,"in_standard_filter":0,"in_preview":0,"read_only":0,"precision":"","length":0,"translatable":0,"hide_border":0,"hide_days":0,"hide_seconds":0,"non_negative":0,"is_virtual":0,"sort_options":0,"doctype":"DocField"},{"name":"a88ba65f91","creation":"2023-09-18 13:43:54.474416","modified":"2023-09-18 13:56:08.179600","modified_by":"Administrator","owner":"Administrator","docstatus":0,"parent":"Client Side Scripting","parentfield":"fields","parenttype":"DocType","idx":6,"fieldname":"column_break_hiq7t","fieldtype":"Column Break","search_index":0,"show_dashboard":0,"hidden":0,"set_only_once":0,"allow_in_quick_entry":0,"print_hide":0,"report_hide":0,"reqd":0,"bold":0,"in_global_search":0,"collapsible":0,"unique":0,"no_copy":0,"allow_on_submit":0,"show_preview_popup":0,"permlevel":0,"ignore_user_permissions":0,"columns":0,"in_list_view":0,"fetch_if_empty":0,"in_filter":0,"remember_last_selected_value":0,"ignore_xss_filter":0,"print_hide_if_no_value":0,"allow_bulk_edit":0,"in_standard_filter":0,"in_preview":0,"read_only":0,"precision":"","length":0,"translatable":0,"hide_border":0,"hide_days":0,"hide_seconds":0,"non_negative":0,"is_virtual":0,"sort_options":0,"doctype":"DocField"},{"name":"13758dbbb9","creation":"2023-09-18 13:43:54.474416","modified":"2023-09-18 13:56:08.179600","modified_by":"Administrator","owner":"Administrator","docstatus":0,"parent":"Client Side Scripting","parentfield":"fields","parenttype":"DocType","idx":7,"fieldname":"email","label":"Email","fieldtype":"Data","search_index":0,"show_dashboard":0,"hidden":0,"set_only_once":0,"allow_in_quick_entry":0,"print_hide":0,"report_hide":0,"reqd":0,"bold":0,"in_global_search":0,"collapsible":0,"unique":0,"no_copy":0,"allow_on_submit":0,"show_preview_popup":0,"permlevel":0,"ignore_user_permissions":0,"columns":0,"in_list_view":0,"fetch_if_empty":0,"in_filter":0,"remember_last_selected_value":0,"ignore_xss_filter":0,"print_hide_if_no_value":0,"allow_bulk_edit":0,"in_standard_filter":0,"in_preview":0,"read_only":0,"precision":"","length":0,"translatable":0,"hide_border":0,"hide_days":0,"hide_seconds":0,"non_negative":0,"is_virtual":0,"sort_options":0,"doctype":"DocField"},{"name":"cfe08ebb44","creation":"2023-09-18 13:43:54.474416","modified":"2023-09-18 13:56:08.179600","modified_by":"Administrator","owner":"Administrator","docstatus":0,"parent":"Client Side Scripting","parentfield":"fields","parenttype":"DocType","idx":8,"fieldname":"mob_no","label":"Mob No","fieldtype":"Data","search_index":0,"show_dashboard":0,"hidden":0,"set_only_once":0,"allow_in_quick_entry":0,"print_hide":0,"report_hide":0,"reqd":0,"bold":0,"in_global_search":0,"collapsible":0,"unique":0,"no_copy":0,"allow_on_submit":0,"show_preview_popup":0,"permlevel":0,"ignore_user_permissions":0,"columns":0,"in_list_view":0,"fetch_if_empty":0,"in_filter":0,"remember_last_selected_value":0,"ignore_xss_filter":0,"print_hide_if_no_value":0,"allow_bulk_edit":0,"in_standard_filter":0,"in_preview":0,"read_only":0,"precision":"","length":0,"translatable":0,"hide_border":0,"hide_days":0,"hide_seconds":0,"non_negative":0,"is_virtual":0,"sort_options":0,"doctype":"DocField"},{"name":"70163457bc","creation":"2023-09-18 13:43:54.474416","modified":"2023-09-18 13:56:08.179600","modified_by":"Administrator","owner":"Administrator","docstatus":0,"parent":"Client Side Scripting","parentfield":"fields","parenttype":"DocType","idx":9,"fieldname":"dob","label":"DOB","fieldtype":"Data","search_index":0,"show_dashboard":0,"hidden":0,"set_only_once":0,"allow_in_quick_entry":0,"print_hide":0,"report_hide":0,"reqd":0,"bold":0,"in_global_search":0,"collapsible":0,"unique":0,"no_copy":0,"allow_on_submit":0,"show_preview_popup":0,"permlevel":0,"ignore_user_permissions":0,"columns":0,"in_list_view":0,"fetch_if_empty":0,"in_filter":0,"remember_last_selected_value":0,"ignore_xss_filter":0,"print_hide_if_no_value":0,"allow_bulk_edit":0,"in_standard_filter":0,"in_preview":0,"read_only":0,"precision":"","length":0,"translatable":0,"hide_border":0,"hide_days":0,"hide_seconds":0,"non_negative":0,"is_virtual":0,"sort_options":0,"doctype":"DocField"},{"name":"a847eaeb8a","creation":"2023-09-18 13:43:54.474416","modified":"2023-09-18 13:56:08.179600","modified_by":"Administrator","owner":"Administrator","docstatus":0,"parent":"Client Side Scripting","parentfield":"fields","parenttype":"DocType","idx":10,"fieldname":"age","label":"Age","fieldtype":"Int","search_index":0,"show_dashboard":0,"hidden":0,"set_only_once":0,"allow_in_quick_entry":0,"print_hide":0,"report_hide":0,"reqd":0,"bold":0,"in_global_search":0,"collapsible":0,"unique":0,"no_copy":0,"allow_on_submit":0,"show_preview_popup":0,"permlevel":0,"ignore_user_permissions":0,"columns":0,"in_list_view":0,"fetch_if_empty":0,"in_filter":0,"remember_last_selected_value":0,"ignore_xss_filter":0,"print_hide_if_no_value":0,"allow_bulk_edit":0,"in_standard_filter":0,"in_preview":0,"read_only":0,"precision":"","length":0,"translatable":0,"hide_border":0,"hide_days":0,"hide_seconds":0,"non_negative":0,"is_virtual":0,"sort_options":0,"doctype":"DocField"},{"name":"8d4b8048d3","creation":"2023-09-18 13:43:54.474416","modified":"2023-09-18 13:56:08.179600","modified_by":"Administrator","owner":"Administrator","docstatus":0,"parent":"Client Side Scripting","parentfield":"fields","parenttype":"DocType","idx":11,"fieldname":"section_break_j1gkn","fieldtype":"Section Break","search_index":0,"show_dashboard":0,"hidden":0,"set_only_once":0,"allow_in_quick_entry":0,"print_hide":0,"report_hide":0,"reqd":0,"bold":0,"in_global_search":0,"collapsible":0,"unique":0,"no_copy":0,"allow_on_submit":0,"show_preview_popup":0,"permlevel":0,"ignore_user_permissions":0,"columns":0,"in_list_view":0,"fetch_if_empty":0,"in_filter":0,"remember_last_selected_value":0,"ignore_xss_filter":0,"print_hide_if_no_value":0,"allow_bulk_edit":0,"in_standard_filter":0,"in_preview":0,"read_only":0,"precision":"","length":0,"translatable":0,"hide_border":0,"hide_days":0,"hide_seconds":0,"non_negative":0,"is_virtual":0,"sort_options":0,"doctype":"DocField"},{"docstatus":0,"doctype":"DocField","name":"new-docfield-1","__islocal":1,"__unsaved":1,"owner":"Administrator","fieldtype":"Data","precision":"","non_negative":0,"hide_days":0,"hide_seconds":0,"reqd":0,"is_virtual":0,"search_index":0,"sort_options":0,"show_dashboard":0,"fetch_if_empty":0,"hidden":0,"bold":0,"allow_in_quick_entry":0,"translatable":0,"print_hide":0,"print_hide_if_no_value":0,"report_hide":0,"collapsible":0,"hide_border":0,"in_list_view":0,"in_standard_filter":0,"in_preview":0,"in_filter":0,"in_global_search":0,"read_only":0,"allow_on_submit":0,"ignore_user_permissions":0,"allow_bulk_edit":0,"permlevel":0,"ignore_xss_filter":0,"unique":0,"no_copy":0,"set_only_once":0,"remember_last_selected_value":0,"parent":"Client Side Scripting","parentfield":"fields","parenttype":"DocType","idx":12,"__unedited":false,"label":"New Family Members"},{"name":"bbb90428e2","creation":"2023-09-18 13:43:54.492806","modified":"2023-09-18 13:56:08.179600","modified_by":"Administrator","owner":"Administrator","docstatus":0,"parent":"Client Side Scripting","parentfield":"fields","parenttype":"DocType","idx":13,"fieldname":"amended_from","label":"Amended From","fieldtype":"Link","options":"Client Side Scripting","search_index":0,"show_dashboard":0,"hidden":0,"set_only_once":0,"allow_in_quick_entry":0,"print_hide":1,"report_hide":0,"reqd":0,"bold":0,"in_global_search":0,"collapsible":0,"unique":0,"no_copy":1,"allow_on_submit":0,"show_preview_popup":0,"permlevel":0,"ignore_user_permissions":0,"columns":0,"in_list_view":0,"fetch_if_empty":0,"in_filter":0,"remember_last_selected_value":0,"ignore_xss_filter":0,"print_hide_if_no_value":0,"allow_bulk_edit":0,"in_standard_filter":0,"in_preview":0,"read_only":1,"length":0,"translatable":0,"hide_border":0,"hide_days":0,"hide_seconds":0,"non_negative":0,"is_virtual":0,"sort_options":0,"doctype":"DocField"}],"links":[],"actions":[],"permissions":[{"name":"e3a5bc4e15","creation":"2023-09-18 13:43:54.474416","modified":"2023-09-18 13:56:08.179600","modified_by":"Administrator","owner":"Administrator","docstatus":0,"parent":"Client Side Scripting","parentfield":"permissions","parenttype":"DocType","idx":1,"permlevel":0,"role":"System Manager","read":1,"write":1,"create":1,"submit":0,"cancel":0,"delete":1,"amend":0,"report":1,"export":1,"import":0,"share":1,"print":1,"email":1,"if_owner":0,"select":0,"set_user_permissions":0,"doctype":"DocPerm"}],"states":[],"__last_sync_on":"2023-09-18T08:26:21.147Z","__unsaved":1}', 'action': 'Save', 'cmd': 'frappe.desk.form.save.savedocs'}
2023-09-18 13:58:22,189 ERROR frappe New Exception collected with id: 2023-09-18 13:58:22.185903-127.0.0.1-615
Site: programming.in
Form Dict: {'doc': '{"name":"Client Side Scripting","creation":"2023-09-18 13:43:54.474416","modified":"2023-09-18 13:56:58.364275","modified_by":"Administrator","owner":"Administrator","docstatus":0,"idx":0,"issingle":0,"is_tree":0,"istable":0,"editable_grid":1,"track_changes":1,"module":"Programming App","naming_rule":"","name_case":"","sort_field":"modified","sort_order":"DESC","read_only":0,"in_create":0,"allow_copy":0,"allow_rename":1,"allow_import":0,"hide_toolbar":0,"track_seen":0,"max_attachments":0,"document_type":"","engine":"InnoDB","is_submittable":1,"show_name_in_global_search":0,"custom":0,"beta":0,"has_web_view":0,"allow_guest_to_view":0,"email_append_to":0,"show_title_field_in_link":0,"translated_doctype":0,"is_calendar_and_gantt":0,"quick_entry":1,"track_views":0,"is_virtual":0,"allow_events_in_timeline":0,"allow_auto_repeat":0,"make_attachments_public":0,"default_view":"List","force_re_route_to_default_view":0,"show_preview_popup":0,"index_web_pages_for_search":1,"doctype":"DocType","fields":[{"name":"a1343ef9a6","creation":"2023-09-18 13:43:54.474416","modified":"2023-09-18 13:56:58.364275","modified_by":"Administrator","owner":"Administrator","docstatus":0,"parent":"Client Side Scripting","parentfield":"fields","parenttype":"DocType","idx":1,"fieldname":"enable","label":"Enable","fieldtype":"Check","search_index":0,"show_dashboard":0,"hidden":0,"set_only_once":0,"allow_in_quick_entry":0,"print_hide":0,"report_hide":0,"reqd":0,"bold":0,"in_global_search":0,"collapsible":0,"unique":0,"no_copy":0,"allow_on_submit":0,"show_preview_popup":0,"permlevel":0,"ignore_user_permissions":0,"columns":0,"default":"0","in_list_view":0,"fetch_if_empty":0,"in_filter":0,"remember_last_selected_value":0,"ignore_xss_filter":0,"print_hide_if_no_value":0,"allow_bulk_edit":0,"in_standard_filter":0,"in_preview":0,"read_only":0,"precision":"","length":0,"translatable":0,"hide_border":0,"hide_days":0,"hide_seconds":0,"non_negative":0,"is_virtual":0,"sort_options":0,"doctype":"DocField"},{"name":"e671b7907a","creation":"2023-09-18 13:43:54.474416","modified":"2023-09-18 13:56:58.364275","modified_by":"Administrator","owner":"Administrator","docstatus":0,"parent":"Client Side Scripting","parentfield":"fields","parenttype":"DocType","idx":2,"fieldname":"first_name","label":"First Name","fieldtype":"Data","search_index":0,"show_dashboard":0,"hidden":0,"set_only_once":0,"allow_in_quick_entry":0,"print_hide":0,"report_hide":0,"reqd":0,"bold":0,"in_global_search":0,"collapsible":0,"unique":0,"no_copy":0,"allow_on_submit":0,"show_preview_popup":0,"permlevel":0,"ignore_user_permissions":0,"columns":0,"in_list_view":0,"fetch_if_empty":0,"in_filter":0,"remember_last_selected_value":0,"ignore_xss_filter":0,"print_hide_if_no_value":0,"allow_bulk_edit":0,"in_standard_filter":0,"in_preview":0,"read_only":0,"precision":"","length":0,"translatable":0,"hide_border":0,"hide_days":0,"hide_seconds":0,"non_negative":0,"is_virtual":0,"sort_options":0,"doctype":"DocField"},{"name":"0e1cf3d74d","creation":"2023-09-18 13:43:54.474416","modified":"2023-09-18 13:56:58.364275","modified_by":"Administrator","owner":"Administrator","docstatus":0,"parent":"Client Side Scripting","parentfield":"fields","parenttype":"DocType","idx":3,"fieldname":"middle_name","label":"Middle Name","fieldtype":"Data","search_index":0,"show_dashboard":0,"hidden":0,"set_only_once":0,"allow_in_quick_entry":0,"print_hide":0,"report_hide":0,"reqd":0,"bold":0,"in_global_search":0,"collapsible":0,"unique":0,"no_copy":0,"allow_on_submit":0,"show_preview_popup":0,"permlevel":0,"ignore_user_permissions":0,"columns":0,"in_list_view":0,"fetch_if_empty":0,"in_filter":0,"remember_last_selected_value":0,"ignore_xss_filter":0,"print_hide_if_no_value":0,"allow_bulk_edit":0,"in_standard_filter":0,"in_preview":0,"read_only":0,"precision":"","length":0,"translatable":0,"hide_border":0,"hide_days":0,"hide_seconds":0,"non_negative":0,"is_virtual":0,"sort_options":0,"doctype":"DocField"},{"name":"d9d5f9177e","creation":"2023-09-18 13:43:54.474416","modified":"2023-09-18 13:56:58.364275","modified_by":"Administrator","owner":"Administrator","docstatus":0,"parent":"Client Side Scripting","parentfield":"fields","parenttype":"DocType","idx":4,"fieldname":"last_name","label":"Last Name","fieldtype":"Data","search_index":0,"show_dashboard":0,"hidden":0,"set_only_once":0,"allow_in_quick_entry":0,"print_hide":0,"report_hide":0,"reqd":0,"bold":0,"in_global_search":0,"collapsible":0,"unique":0,"no_copy":0,"allow_on_submit":0,"show_preview_popup":0,"permlevel":0,"ignore_user_permissions":0,"columns":0,"in_list_view":0,"fetch_if_empty":0,"in_filter":0,"remember_last_selected_value":0,"ignore_xss_filter":0,"print_hide_if_no_value":0,"allow_bulk_edit":0,"in_standard_filter":0,"in_preview":0,"read_only":0,"precision":"","length":0,"translatable":0,"hide_border":0,"hide_days":0,"hide_seconds":0,"non_negative":0,"is_virtual":0,"sort_options":0,"doctype":"DocField"},{"name":"692851e4a0","creation":"2023-09-18 13:43:54.474416","modified":"2023-09-18 13:56:58.364275","modified_by":"Administrator","owner":"Administrator","docstatus":0,"parent":"Client Side Scripting","parentfield":"fields","parenttype":"DocType","idx":5,"fieldname":"full_name","label":"Full Name","fieldtype":"Read Only","search_index":0,"show_dashboard":0,"hidden":0,"set_only_once":0,"allow_in_quick_entry":0,"print_hide":0,"report_hide":0,"reqd":0,"bold":0,"in_global_search":0,"collapsible":0,"unique":0,"no_copy":0,"allow_on_submit":0,"show_preview_popup":0,"permlevel":0,"ignore_user_permissions":0,"columns":0,"in_list_view":0,"fetch_if_empty":0,"in_filter":0,"remember_last_selected_value":0,"ignore_xss_filter":0,"print_hide_if_no_value":0,"allow_bulk_edit":0,"in_standard_filter":0,"in_preview":0,"read_only":0,"precision":"","length":0,"translatable":0,"hide_border":0,"hide_days":0,"hide_seconds":0,"non_negative":0,"is_virtual":0,"sort_options":0,"doctype":"DocField"},{"name":"a88ba65f91","creation":"2023-09-18 13:43:54.474416","modified":"2023-09-18 13:56:58.364275","modified_by":"Administrator","owner":"Administrator","docstatus":0,"parent":"Client Side Scripting","parentfield":"fields","parenttype":"DocType","idx":6,"fieldname":"column_break_hiq7t","fieldtype":"Column Break","search_index":0,"show_dashboard":0,"hidden":0,"set_only_once":0,"allow_in_quick_entry":0,"print_hide":0,"report_hide":0,"reqd":0,"bold":0,"in_global_search":0,"collapsible":0,"unique":0,"no_copy":0,"allow_on_submit":0,"show_preview_popup":0,"permlevel":0,"ignore_user_permissions":0,"columns":0,"in_list_view":0,"fetch_if_empty":0,"in_filter":0,"remember_last_selected_value":0,"ignore_xss_filter":0,"print_hide_if_no_value":0,"allow_bulk_edit":0,"in_standard_filter":0,"in_preview":0,"read_only":0,"precision":"","length":0,"translatable":0,"hide_border":0,"hide_days":0,"hide_seconds":0,"non_negative":0,"is_virtual":0,"sort_options":0,"doctype":"DocField"},{"name":"13758dbbb9","creation":"2023-09-18 13:43:54.474416","modified":"2023-09-18 13:56:58.364275","modified_by":"Administrator","owner":"Administrator","docstatus":0,"parent":"Client Side Scripting","parentfield":"fields","parenttype":"DocType","idx":7,"fieldname":"email","label":"Email","fieldtype":"Data","search_index":0,"show_dashboard":0,"hidden":0,"set_only_once":0,"allow_in_quick_entry":0,"print_hide":0,"report_hide":0,"reqd":0,"bold":0,"in_global_search":0,"collapsible":0,"unique":0,"no_copy":0,"allow_on_submit":0,"show_preview_popup":0,"permlevel":0,"ignore_user_permissions":0,"columns":0,"in_list_view":0,"fetch_if_empty":0,"in_filter":0,"remember_last_selected_value":0,"ignore_xss_filter":0,"print_hide_if_no_value":0,"allow_bulk_edit":0,"in_standard_filter":0,"in_preview":0,"read_only":0,"precision":"","length":0,"translatable":0,"hide_border":0,"hide_days":0,"hide_seconds":0,"non_negative":0,"is_virtual":0,"sort_options":0,"doctype":"DocField"},{"name":"cfe08ebb44","creation":"2023-09-18 13:43:54.474416","modified":"2023-09-18 13:56:58.364275","modified_by":"Administrator","owner":"Administrator","docstatus":0,"parent":"Client Side Scripting","parentfield":"fields","parenttype":"DocType","idx":8,"fieldname":"mob_no","label":"Mob No","fieldtype":"Data","search_index":0,"show_dashboard":0,"hidden":0,"set_only_once":0,"allow_in_quick_entry":0,"print_hide":0,"report_hide":0,"reqd":0,"bold":0,"in_global_search":0,"collapsible":0,"unique":0,"no_copy":0,"allow_on_submit":0,"show_preview_popup":0,"permlevel":0,"ignore_user_permissions":0,"columns":0,"in_list_view":0,"fetch_if_empty":0,"in_filter":0,"remember_last_selected_value":0,"ignore_xss_filter":0,"print_hide_if_no_value":0,"allow_bulk_edit":0,"in_standard_filter":0,"in_preview":0,"read_only":0,"precision":"","length":0,"translatable":0,"hide_border":0,"hide_days":0,"hide_seconds":0,"non_negative":0,"is_virtual":0,"sort_options":0,"doctype":"DocField"},{"name":"70163457bc","creation":"2023-09-18 13:43:54.474416","modified":"2023-09-18 13:56:58.364275","modified_by":"Administrator","owner":"Administrator","docstatus":0,"parent":"Client Side Scripting","parentfield":"fields","parenttype":"DocType","idx":9,"fieldname":"dob","label":"DOB","fieldtype":"Data","search_index":0,"show_dashboard":0,"hidden":0,"set_only_once":0,"allow_in_quick_entry":0,"print_hide":0,"report_hide":0,"reqd":0,"bold":0,"in_global_search":0,"collapsible":0,"unique":0,"no_copy":0,"allow_on_submit":0,"show_preview_popup":0,"permlevel":0,"ignore_user_permissions":0,"columns":0,"in_list_view":0,"fetch_if_empty":0,"in_filter":0,"remember_last_selected_value":0,"ignore_xss_filter":0,"print_hide_if_no_value":0,"allow_bulk_edit":0,"in_standard_filter":0,"in_preview":0,"read_only":0,"precision":"","length":0,"translatable":0,"hide_border":0,"hide_days":0,"hide_seconds":0,"non_negative":0,"is_virtual":0,"sort_options":0,"doctype":"DocField"},{"name":"a847eaeb8a","creation":"2023-09-18 13:43:54.474416","modified":"2023-09-18 13:56:58.364275","modified_by":"Administrator","owner":"Administrator","docstatus":0,"parent":"Client Side Scripting","parentfield":"fields","parenttype":"DocType","idx":10,"fieldname":"age","label":"Age","fieldtype":"Int","search_index":0,"show_dashboard":0,"hidden":0,"set_only_once":0,"allow_in_quick_entry":0,"print_hide":0,"report_hide":0,"reqd":0,"bold":0,"in_global_search":0,"collapsible":0,"unique":0,"no_copy":0,"allow_on_submit":0,"show_preview_popup":0,"permlevel":0,"ignore_user_permissions":0,"columns":0,"in_list_view":0,"fetch_if_empty":0,"in_filter":0,"remember_last_selected_value":0,"ignore_xss_filter":0,"print_hide_if_no_value":0,"allow_bulk_edit":0,"in_standard_filter":0,"in_preview":0,"read_only":0,"precision":"","length":0,"translatable":0,"hide_border":0,"hide_days":0,"hide_seconds":0,"non_negative":0,"is_virtual":0,"sort_options":0,"doctype":"DocField"},{"name":"8d4b8048d3","creation":"2023-09-18 13:43:54.474416","modified":"2023-09-18 13:56:58.364275","modified_by":"Administrator","owner":"Administrator","docstatus":0,"parent":"Client Side Scripting","parentfield":"fields","parenttype":"DocType","idx":11,"fieldname":"section_break_j1gkn","fieldtype":"Section Break","search_index":0,"show_dashboard":0,"hidden":0,"set_only_once":0,"allow_in_quick_entry":0,"print_hide":0,"report_hide":0,"reqd":0,"bold":0,"in_global_search":0,"collapsible":0,"unique":0,"no_copy":0,"allow_on_submit":0,"show_preview_popup":0,"permlevel":0,"ignore_user_permissions":0,"columns":0,"in_list_view":0,"fetch_if_empty":0,"in_filter":0,"remember_last_selected_value":0,"ignore_xss_filter":0,"print_hide_if_no_value":0,"allow_bulk_edit":0,"in_standard_filter":0,"in_preview":0,"read_only":0,"precision":"","length":0,"translatable":0,"hide_border":0,"hide_days":0,"hide_seconds":0,"non_negative":0,"is_virtual":0,"sort_options":0,"doctype":"DocField"},{"name":"5b84b67665","creation":"2023-09-18 13:43:54.474416","modified":"2023-09-18 13:56:58.364275","modified_by":"Administrator","owner":"Administrator","docstatus":0,"parent":"Client Side Scripting","parentfield":"fields","parenttype":"DocType","idx":12,"fieldname":"new_family_members","label":"New Family Members","fieldtype":"Data","search_index":0,"show_dashboard":0,"hidden":0,"set_only_once":0,"allow_in_quick_entry":0,"print_hide":0,"report_hide":0,"reqd":0,"bold":0,"in_global_search":0,"collapsible":0,"unique":0,"no_copy":0,"allow_on_submit":0,"show_preview_popup":0,"permlevel":0,"ignore_user_permissions":0,"columns":0,"in_list_view":0,"fetch_if_empty":0,"in_filter":0,"remember_last_selected_value":0,"ignore_xss_filter":0,"print_hide_if_no_value":0,"allow_bulk_edit":0,"in_standard_filter":0,"in_preview":0,"read_only":0,"precision":"","length":0,"translatable":0,"hide_border":0,"hide_days":0,"hide_seconds":0,"non_negative":0,"is_virtual":0,"sort_options":0,"doctype":"DocField","options":"New Family Members"},{"name":"bbb90428e2","creation":"2023-09-18 13:43:54.492806","modified":"2023-09-18 13:56:58.364275","modified_by":"Administrator","owner":"Administrator","docstatus":0,"parent":"Client Side Scripting","parentfield":"fields","parenttype":"DocType","idx":13,"fieldname":"amended_from","label":"Amended From","fieldtype":"Link","options":"Client Side Scripting","search_index":0,"show_dashboard":0,"hidden":0,"set_only_once":0,"allow_in_quick_entry":0,"print_hide":1,"report_hide":0,"reqd":0,"bold":0,"in_global_search":0,"collapsible":0,"unique":0,"no_copy":1,"allow_on_submit":0,"show_preview_popup":0,"permlevel":0,"ignore_user_permissions":0,"columns":0,"in_list_view":0,"fetch_if_empty":0,"in_filter":0,"remember_last_selected_value":0,"ignore_xss_filter":0,"print_hide_if_no_value":0,"allow_bulk_edit":0,"in_standard_filter":0,"in_preview":0,"read_only":1,"length":0,"translatable":0,"hide_border":0,"hide_days":0,"hide_seconds":0,"non_negative":0,"is_virtual":0,"sort_options":0,"doctype":"DocField"}],"links":[],"actions":[],"permissions":[{"name":"e3a5bc4e15","creation":"2023-09-18 13:43:54.474416","modified":"2023-09-18 13:56:58.364275","modified_by":"Administrator","owner":"Administrator","docstatus":0,"parent":"Client Side Scripting","parentfield":"permissions","parenttype":"DocType","idx":1,"permlevel":0,"role":"System Manager","read":1,"write":1,"create":1,"submit":0,"cancel":0,"delete":1,"amend":0,"report":1,"export":1,"import":0,"share":1,"print":1,"email":1,"if_owner":0,"select":0,"set_user_permissions":0,"doctype":"DocPerm"}],"states":[],"__last_sync_on":"2023-09-18T08:28:12.067Z","__unsaved":1}', 'action': 'Save', 'cmd': 'frappe.desk.form.save.savedocs'}
2023-09-18 13:58:34,396 ERROR frappe Could not take error snapshot: characters_written
Site: programming.in
Form Dict: {'doctype': 'Client Side Scripting', 'with_parent': '1', 'cached_timestamp': '', 'cmd': 'frappe.desk.form.load.getdoctype'}
Traceback (most recent call last):
  File "/home/office_user/programming_bench/apps/frappe/frappe/app.py", line 94, in application
    response = frappe.api.handle()
  File "/home/office_user/programming_bench/apps/frappe/frappe/api.py", line 54, in handle
    return frappe.handler.handle()
  File "/home/office_user/programming_bench/apps/frappe/frappe/handler.py", line 47, in handle
    data = execute_cmd(cmd)
  File "/home/office_user/programming_bench/apps/frappe/frappe/handler.py", line 85, in execute_cmd
    return frappe.call(method, **frappe.form_dict)
  File "/home/office_user/programming_bench/apps/frappe/frappe/__init__.py", line 1622, in call
    return fn(*args, **newargs)
  File "/home/office_user/programming_bench/apps/frappe/frappe/desk/form/load.py", line 72, in getdoctype
    docs = get_meta_bundle(doctype)
  File "/home/office_user/programming_bench/apps/frappe/frappe/desk/form/load.py", line 83, in get_meta_bundle
    bundle = [frappe.desk.form.meta.get_meta(doctype)]
  File "/home/office_user/programming_bench/apps/frappe/frappe/desk/form/meta.py", line 44, in get_meta
    meta = FormMeta(doctype)
  File "/home/office_user/programming_bench/apps/frappe/frappe/desk/form/meta.py", line 55, in __init__
    self.load_assets()
  File "/home/office_user/programming_bench/apps/frappe/frappe/desk/form/meta.py", line 65, in load_assets
    self.add_code()
  File "/home/office_user/programming_bench/apps/frappe/frappe/desk/form/meta.py", line 120, in add_code
    self.add_html_templates(path)
  File "/home/office_user/programming_bench/apps/frappe/frappe/desk/form/meta.py", line 133, in add_html_templates
    for fname in os.listdir(path):
FileNotFoundError: [Errno 2] No such file or directory: '/home/office_user/programming_bench/apps/programming_app/programming_app/programming_app/doctype/client_side_scripting'

During handling of the above exception, another exception occurred:

Traceback (most recent call last):
  File "/home/office_user/programming_bench/apps/frappe/frappe/utils/error.py", line 60, in make_error_snapshot
    snapshot = get_snapshot(exception)
  File "/home/office_user/programming_bench/apps/frappe/frappe/utils/error.py", line 155, in get_snapshot
    value = pydoc.text.repr(getattr(evalue, name))
AttributeError: characters_written
2023-09-18 13:58:37,250 ERROR frappe Could not take error snapshot: characters_written
Site: programming.in
Form Dict: {'doctype': 'Client Side Scripting', 'with_parent': '1', 'cached_timestamp': '', 'cmd': 'frappe.desk.form.load.getdoctype'}
Traceback (most recent call last):
  File "/home/office_user/programming_bench/apps/frappe/frappe/app.py", line 94, in application
    response = frappe.api.handle()
  File "/home/office_user/programming_bench/apps/frappe/frappe/api.py", line 54, in handle
    return frappe.handler.handle()
  File "/home/office_user/programming_bench/apps/frappe/frappe/handler.py", line 47, in handle
    data = execute_cmd(cmd)
  File "/home/office_user/programming_bench/apps/frappe/frappe/handler.py", line 85, in execute_cmd
    return frappe.call(method, **frappe.form_dict)
  File "/home/office_user/programming_bench/apps/frappe/frappe/__init__.py", line 1622, in call
    return fn(*args, **newargs)
  File "/home/office_user/programming_bench/apps/frappe/frappe/desk/form/load.py", line 72, in getdoctype
    docs = get_meta_bundle(doctype)
  File "/home/office_user/programming_bench/apps/frappe/frappe/desk/form/load.py", line 83, in get_meta_bundle
    bundle = [frappe.desk.form.meta.get_meta(doctype)]
  File "/home/office_user/programming_bench/apps/frappe/frappe/desk/form/meta.py", line 44, in get_meta
    meta = FormMeta(doctype)
  File "/home/office_user/programming_bench/apps/frappe/frappe/desk/form/meta.py", line 55, in __init__
    self.load_assets()
  File "/home/office_user/programming_bench/apps/frappe/frappe/desk/form/meta.py", line 65, in load_assets
    self.add_code()
  File "/home/office_user/programming_bench/apps/frappe/frappe/desk/form/meta.py", line 120, in add_code
    self.add_html_templates(path)
  File "/home/office_user/programming_bench/apps/frappe/frappe/desk/form/meta.py", line 133, in add_html_templates
    for fname in os.listdir(path):
FileNotFoundError: [Errno 2] No such file or directory: '/home/office_user/programming_bench/apps/programming_app/programming_app/programming_app/doctype/client_side_scripting'

During handling of the above exception, another exception occurred:

Traceback (most recent call last):
  File "/home/office_user/programming_bench/apps/frappe/frappe/utils/error.py", line 60, in make_error_snapshot
    snapshot = get_snapshot(exception)
  File "/home/office_user/programming_bench/apps/frappe/frappe/utils/error.py", line 155, in get_snapshot
    value = pydoc.text.repr(getattr(evalue, name))
AttributeError: characters_written
2023-09-26 14:22:22,435 ERROR frappe New Exception collected with id: 2023-09-26 14:22:22.397103-127.0.0.1-ca0
Site: programming.in
Form Dict: {'doc': '{"docstatus":0,"doctype":"Server Side Scripting","name":"new-server-side-scripting-1","__islocal":1,"__unsaved":1,"owner":"Administrator","enable":0,"first_name":"Server ","last_name":"Bot"}', 'action': 'Save', 'cmd': 'frappe.desk.form.save.savedocs'}
2023-09-26 14:27:40,729 ERROR frappe New Exception collected with id: 2023-09-26 14:27:40.697311-127.0.0.1-799
Site: programming.in
Form Dict: {'doc': '{"name":"SER-0006","owner":"Administrator","creation":"2023-09-26 14:23:06.853562","modified":"2023-09-26 14:25:50.929713","modified_by":"Administrator","docstatus":0,"idx":0,"enable":0,"first_name":"Server","last_name":"Bot","age":0,"doctype":"Server Side Scripting","family_members_1":[{"docstatus":0,"doctype":"Family Members 1","name":"new-family-members-1-1","__islocal":1,"__unsaved":1,"owner":"Administrator","parent":"SER-0006","parentfield":"family_members_1","parenttype":"Server Side Scripting","idx":1,"__unedited":false,"name1":"Mother Bot","age":55,"relation":"Mother"},{"docstatus":0,"doctype":"Family Members 1","name":"new-family-members-1-2","__islocal":1,"__unsaved":1,"owner":"Administrator","parent":"SER-0006","parentfield":"family_members_1","parenttype":"Server Side Scripting","idx":2,"__unedited":false,"name1":"Father Bot","age":66,"relation":"Father"}],"__unsaved":1}', 'action': 'Save', 'cmd': 'frappe.desk.form.save.savedocs'}
2023-09-26 14:29:18,569 ERROR frappe New Exception collected with id: 2023-09-26 14:29:18.536083-127.0.0.1-a8d
Site: programming.in
Form Dict: {'doc': '{"name":"SER-0006","owner":"Administrator","creation":"2023-09-26 14:23:06.853562","modified":"2023-09-26 14:28:20.422508","modified_by":"Administrator","docstatus":0,"idx":0,"enable":0,"first_name":"Server","last_name":"Bot","age":0,"doctype":"Server Side Scripting","family_members_1":[{"name":"07008aef33","owner":"Administrator","creation":"2023-09-26 14:23:06.853562","modified":"2023-09-26 14:28:20.422508","modified_by":"Administrator","docstatus":0,"idx":1,"name1":"Mom Bot","age":55,"relation":"Mother","parent":"SER-0006","parentfield":"family_members_1","parenttype":"Server Side Scripting","doctype":"Family Members 1"},{"name":"93d56ae48e","owner":"Administrator","creation":"2023-09-26 14:23:06.853562","modified":"2023-09-26 14:28:20.422508","modified_by":"Administrator","docstatus":0,"idx":2,"name1":"Father Bot","age":66,"relation":"Father","parent":"SER-0006","parentfield":"family_members_1","parenttype":"Server Side Scripting","doctype":"Family Members 1"}],"__last_sync_on":"2023-09-26T08:59:03.598Z","__unsaved":1}', 'action': 'Save', 'cmd': 'frappe.desk.form.save.savedocs'}
2023-09-26 14:30:14,419 ERROR frappe New Exception collected with id: 2023-09-26 14:30:14.383055-127.0.0.1-a8e
Site: programming.in
Form Dict: {'doc': '{"name":"SER-0006","owner":"Administrator","creation":"2023-09-26 14:23:06.853562","modified":"2023-09-26 14:28:20.422508","modified_by":"Administrator","docstatus":0,"idx":0,"enable":0,"first_name":"Server","last_name":"Bot","age":0,"doctype":"Server Side Scripting","family_members_1":[{"name":"07008aef33","owner":"Administrator","creation":"2023-09-26 14:23:06.853562","modified":"2023-09-26 14:28:20.422508","modified_by":"Administrator","docstatus":0,"idx":1,"name1":"Mom Bot","age":55,"relation":"Mother","parent":"SER-0006","parentfield":"family_members_1","parenttype":"Server Side Scripting","doctype":"Family Members 1"},{"name":"93d56ae48e","owner":"Administrator","creation":"2023-09-26 14:23:06.853562","modified":"2023-09-26 14:28:20.422508","modified_by":"Administrator","docstatus":0,"idx":2,"name1":"Father Bot","age":66,"relation":"Father","parent":"SER-0006","parentfield":"family_members_1","parenttype":"Server Side Scripting","doctype":"Family Members 1"}],"__last_sync_on":"2023-09-26T08:59:03.598Z","__unsaved":1}', 'action': 'Save', 'cmd': 'frappe.desk.form.save.savedocs'}
2023-09-26 15:16:45,161 ERROR frappe New Exception collected with id: 2023-09-26 15:16:45.129745-127.0.0.1-272
Site: programming.in
Form Dict: {'doc': '{"name":"SER-0009","owner":"Administrator","creation":"2023-09-26 15:14:08.301218","modified":"2023-09-26 15:14:08.301218","modified_by":"Administrator","docstatus":0,"idx":0,"enable":1,"client_side_doc":null,"first_name":null,"last_name":null,"full_name":null,"email":null,"mob_no":null,"dob":null,"age":0,"amended_from":null,"doctype":"Server Side Scripting","family_members_1":[],"__last_sync_on":"2023-09-26T09:44:08.343Z","__unsaved":1}', 'action': 'Save', 'cmd': 'frappe.desk.form.save.savedocs'}
